[2025-01-24 09:54:20,604] multiqc                                            [DEBUG  ]  This is MultiQC v1.19
[2025-01-24 09:54:20,628] multiqc                                            [DEBUG  ]  Loading config settings from: multiqc_config.yml
[2025-01-24 09:54:20,628] multiqc                                            [DEBUG  ]  New config: {'report_comment': '\nThis report has been generated by the <a href="https://github.com/nf-core/cutandrun/releases/tag/3.2.2" target="_blank">nf-core/cutandrun</a> analysis pipeline. For information about how to interpret these results, please see the <a href="https://nf-co.re/cutandrun/3.2.2/docs/output" target="_blank">documentation</a>.\n', 'export_plots': True, 'run_modules': ['custom_content', 'fastqc', 'cutadapt', 'bowtie2', 'samtools', 'preseq', 'picard', 'deeptools'], 'module_order': [{'fastqc': {'name': 'FastQC (raw)', 'info': 'This section of the report shows FastQC results before adapter trimming.', 'path_filters': ['./fastqc/*.zip']}}, 'cutadapt', {'fastqc': {'name': 'FastQC (trimmed)', 'info': 'This section of the report shows FastQC results after adapter trimming.', 'path_filters': ['./trimgalore/fastqc/*.zip']}}, {'bowtie2': {'name': 'Bowtie2 (target)', 'path_filters': ['./bowtie2/*.bowtie2.log']}}, {'bowtie2': {'name': 'Bowtie2 (spike-in)', 'path_filters': ['./bowtie2_spikein/*.bowtie2.log']}}, {'samtools': {'name': 'Samtools alignment scores'}}, {'preseq': {'name': 'Library Complexity'}}, {'picard': {'name': 'Picard duplication stats'}}, {'deeptools': {'name': 'Fragment QC'}}, 'custom_content'], 'report_section_order': {'linear_duplication_levels': {'order': -1001}, 'fragment_lengths': {'order': -1002}, 'peak_qc': {'order': -1003}, 'software_versions': {'order': -1004}, 'nf-core-cutandrun-summary': {'order': -1005}}, 'custom_content': {'order': ['primary_peak_counts', 'consensus_peak_counts', 'primary_frip_score', 'peak_reprod_perc', 'software-versions-by-process', 'software-versions-unique']}, 'table_columns_visible': {'fastqc': {'percent_duplicates': False}}, 'section_comments': {'fastqc_raw_fastqc_per_base_sequence_content': 'Discordant sequence content at the beginning of the reads are common phenomenon for CUT&TAG/RUN reads. Failing to pass the Per-base sequence content does not mean your data failed. - It can be due to the Tn5 preference. - What you might be detecting is the 10-bp periodicity that shows up as a sawtooth pattern in the length distribution. If so, this is normal and will not affect alignment or peak calling. In any case we do not recommend trimming as the bowtie2 parameters that we list will give accurate mapping information without trimming.\n'}}
[2025-01-24 09:54:20,628] multiqc                                            [DEBUG  ]  Added to filename patterns: [{'cutadapt': {'fn': '*trimming_report.txt'}, 'samtools/stats': {'fn': '*.stats'}, 'samtools/flagstat': {'fn': '*.flagstat'}, 'samtools/idxstats': {'fn': '*.idxstats*'}, 'picard/markdups': {'fn': '*.MarkDuplicates.metrics.txt'}, 'picard/alignment_metrics': {'skip': True}, 'picard/basedistributionbycycle': {'skip': True}, 'picard/gcbias': {'skip': True}, 'picard/hsmetrics': {'skip': True}, 'picard/insertsize': {'skip': True}, 'picard/oxogmetrics': {'skip': True}, 'picard/pcr_metrics': {'skip': True}, 'picard/quality_by_cycle': {'skip': True}, 'picard/quality_score_distribution': {'skip': True}, 'picard/quality_yield_metrics': {'skip': True}, 'picard/rnaseqmetrics': {'skip': True}, 'picard/rrbs_metrics': {'skip': True}, 'picard/sam_file_validation': {'skip': True}, 'picard/variant_calling_metrics': {'skip': True}, 'picard/wgs_metrics': {'skip': True}}]
[2025-01-24 09:54:20,628] multiqc                                            [DEBUG  ]  Added to filename clean trimmings: [['.spikein', '.target', '.target.filtered', '_1', '_2', '_1_val_1', '_2_val_2']]
[2025-01-24 09:54:20,629] multiqc                                            [DEBUG  ]  Command used: /usr/local/bin/multiqc -f -v .
[2025-01-24 09:54:21,808] multiqc                                            [WARNING]  MultiQC Version v1.27 now available!
[2025-01-24 09:54:21,808] multiqc                                            [DEBUG  ]  Working dir : /home/me1117/cutrun/work/c5/90518b7b4f3edcd5471dbb024d76ae
[2025-01-24 09:54:21,809] multiqc                                            [DEBUG  ]  Template    : default
[2025-01-24 09:54:21,809] multiqc                                            [DEBUG  ]  Running Python 3.11.7 | packaged by conda-forge | (main, Dec 15 2023, 08:38:37) [GCC 12.3.0]
[2025-01-24 09:54:21,810] multiqc                                            [INFO   ]  Only using modules: custom_content, fastqc, cutadapt, bowtie2, samtools, preseq, picard, deeptools
[2025-01-24 09:54:21,810] multiqc                                            [DEBUG  ]  Analysing modules: fastqc, cutadapt, fastqc, bowtie2, bowtie2, samtools, preseq, picard, deeptools, custom_content
[2025-01-24 09:54:21,811] multiqc                                            [DEBUG  ]  Using temporary directory for creating report: /tmp/tmpz6ebpikr
[2025-01-24 09:54:21,813] multiqc                                            [INFO   ]  Search path : /home/me1117/cutrun/work/c5/90518b7b4f3edcd5471dbb024d76ae
[2025-01-24 09:54:21,815] multiqc                                            [DEBUG  ]  Ignored 271 search patterns as didn't match running modules.
[2025-01-24 09:54:21,815] multiqc                                            [INFO   ]  Skipping 15 file search patterns
[2025-01-24 09:54:21,815] multiqc                                            [DEBUG  ]  Skipping search patterns: picard/alignment_metrics, picard/basedistributionbycycle, picard/gcbias, picard/hsmetrics, picard/insertsize, picard/oxogmetrics, picard/pcr_metrics, picard/quality_by_cycle, picard/quality_score_distribution, picard/quality_yield_metrics, picard/rnaseqmetrics, picard/rrbs_metrics, picard/sam_file_validation, picard/variant_calling_metrics, picard/wgs_metrics
[2025-01-24 09:54:25,393] multiqc                                            [DEBUG  ]  Summary of files that were skipped by the search: [skipped_no_match: 8]
[2025-01-24 09:54:26,473] multiqc.plots.bargraph                             [DEBUG  ]  Using matplotlib version 3.8.2
[2025-01-24 09:54:26,478] multiqc.plots.linegraph                            [DEBUG  ]  Using matplotlib version 3.8.2
[2025-01-24 09:54:26,479] multiqc.modules.base_module                        [DEBUG  ]  fastqc/zip - Selecting './fastqc/H3K27_A_R4_2_fastqc.zip' as it matched the path_filters for 'FastQC (raw)'
[2025-01-24 09:54:26,562] multiqc.modules.base_module                        [DEBUG  ]  fastqc/zip - Selecting './fastqc/H3K4_N_R1_1_fastqc.zip' as it matched the path_filters for 'FastQC (raw)'
[2025-01-24 09:54:26,601] multiqc.modules.base_module                        [DEBUG  ]  fastqc/zip - Selecting './fastqc/H3K27_N_R1_2_fastqc.zip' as it matched the path_filters for 'FastQC (raw)'
[2025-01-24 09:54:26,627] multiqc.modules.base_module                        [DEBUG  ]  fastqc/zip - Selecting './fastqc/H3K27_A_R2_2_fastqc.zip' as it matched the path_filters for 'FastQC (raw)'
[2025-01-24 09:54:26,689] multiqc.modules.base_module                        [DEBUG  ]  fastqc/zip - Selecting './fastqc/H3K4_N_R2_2_fastqc.zip' as it matched the path_filters for 'FastQC (raw)'
[2025-01-24 09:54:26,771] multiqc.modules.base_module                        [DEBUG  ]  fastqc/zip - Selecting './fastqc/nH3K4_A_R2_2_fastqc.zip' as it matched the path_filters for 'FastQC (raw)'
[2025-01-24 09:54:26,847] multiqc.modules.base_module                        [DEBUG  ]  fastqc/zip - Selecting './fastqc/H3K27_A_R4_1_fastqc.zip' as it matched the path_filters for 'FastQC (raw)'
[2025-01-24 09:54:26,903] multiqc.modules.fastqc.fastqc                      [DEBUG  ]  Duplicate sample name found! Overwriting: H3K27_A_R4
[2025-01-24 09:54:26,925] multiqc.modules.base_module                        [DEBUG  ]  fastqc/zip - Selecting './fastqc/nH3K27_A_R3_1_fastqc.zip' as it matched the path_filters for 'FastQC (raw)'
[2025-01-24 09:54:27,001] multiqc.modules.base_module                        [DEBUG  ]  fastqc/zip - Selecting './fastqc/IgG_N_R1_2_fastqc.zip' as it matched the path_filters for 'FastQC (raw)'
[2025-01-24 09:54:27,029] multiqc.modules.base_module                        [DEBUG  ]  fastqc/zip - Selecting './fastqc/H3K4_N_R3_1_fastqc.zip' as it matched the path_filters for 'FastQC (raw)'
[2025-01-24 09:54:27,058] multiqc.modules.base_module                        [DEBUG  ]  fastqc/zip - Selecting './fastqc/H3K27_A_R2_1_fastqc.zip' as it matched the path_filters for 'FastQC (raw)'
[2025-01-24 09:54:27,096] multiqc.modules.fastqc.fastqc                      [DEBUG  ]  Duplicate sample name found! Overwriting: H3K27_A_R2
[2025-01-24 09:54:27,118] multiqc.modules.base_module                        [DEBUG  ]  fastqc/zip - Selecting './fastqc/nIgG_N_R1_2_fastqc.zip' as it matched the path_filters for 'FastQC (raw)'
[2025-01-24 09:54:27,191] multiqc.modules.base_module                        [DEBUG  ]  fastqc/zip - Selecting './fastqc/H3K27_A_R3_1_fastqc.zip' as it matched the path_filters for 'FastQC (raw)'
[2025-01-24 09:54:27,220] multiqc.modules.base_module                        [DEBUG  ]  fastqc/zip - Selecting './fastqc/H3K27_N_R2_1_fastqc.zip' as it matched the path_filters for 'FastQC (raw)'
[2025-01-24 09:54:27,248] multiqc.modules.base_module                        [DEBUG  ]  fastqc/zip - Selecting './fastqc/nH3K4_A_R2_1_fastqc.zip' as it matched the path_filters for 'FastQC (raw)'
[2025-01-24 09:54:27,257] multiqc.modules.fastqc.fastqc                      [DEBUG  ]  Duplicate sample name found! Overwriting: nH3K4_A_R2
[2025-01-24 09:54:27,272] multiqc.modules.base_module                        [DEBUG  ]  fastqc/zip - Selecting './fastqc/H3K27_N_R1_1_fastqc.zip' as it matched the path_filters for 'FastQC (raw)'
[2025-01-24 09:54:27,313] multiqc.modules.fastqc.fastqc                      [DEBUG  ]  Duplicate sample name found! Overwriting: H3K27_N_R1
[2025-01-24 09:54:27,330] multiqc.modules.base_module                        [DEBUG  ]  fastqc/zip - Selecting './fastqc/H3K4_N_R4_2_fastqc.zip' as it matched the path_filters for 'FastQC (raw)'
[2025-01-24 09:54:27,356] multiqc.modules.base_module                        [DEBUG  ]  fastqc/zip - Selecting './fastqc/nIgG_N_R1_1_fastqc.zip' as it matched the path_filters for 'FastQC (raw)'
[2025-01-24 09:54:27,366] multiqc.modules.fastqc.fastqc                      [DEBUG  ]  Duplicate sample name found! Overwriting: nIgG_N_R1
[2025-01-24 09:54:27,385] multiqc.modules.base_module                        [DEBUG  ]  fastqc/zip - Selecting './fastqc/H3K27_A_R3_2_fastqc.zip' as it matched the path_filters for 'FastQC (raw)'
[2025-01-24 09:54:27,428] multiqc.modules.fastqc.fastqc                      [DEBUG  ]  Duplicate sample name found! Overwriting: H3K27_A_R3
[2025-01-24 09:54:27,445] multiqc.modules.base_module                        [DEBUG  ]  fastqc/zip - Selecting './fastqc/H3K4_A_R3_1_fastqc.zip' as it matched the path_filters for 'FastQC (raw)'
[2025-01-24 09:54:27,493] multiqc.modules.base_module                        [DEBUG  ]  fastqc/zip - Selecting './fastqc/H3K4_N_R1_2_fastqc.zip' as it matched the path_filters for 'FastQC (raw)'
[2025-01-24 09:54:27,503] multiqc.modules.fastqc.fastqc                      [DEBUG  ]  Duplicate sample name found! Overwriting: H3K4_N_R1
[2025-01-24 09:54:27,525] multiqc.modules.base_module                        [DEBUG  ]  fastqc/zip - Selecting './fastqc/nH3K27_N_R1_2_fastqc.zip' as it matched the path_filters for 'FastQC (raw)'
[2025-01-24 09:54:27,585] multiqc.modules.base_module                        [DEBUG  ]  fastqc/zip - Selecting './fastqc/nH3K27_N_R2_1_fastqc.zip' as it matched the path_filters for 'FastQC (raw)'
[2025-01-24 09:54:27,613] multiqc.modules.base_module                        [DEBUG  ]  fastqc/zip - Selecting './fastqc/nH3K4_N_R1_1_fastqc.zip' as it matched the path_filters for 'FastQC (raw)'
[2025-01-24 09:54:27,676] multiqc.modules.base_module                        [DEBUG  ]  fastqc/zip - Selecting './fastqc/H3K27_N_R3_1_fastqc.zip' as it matched the path_filters for 'FastQC (raw)'
[2025-01-24 09:54:27,753] multiqc.modules.base_module                        [DEBUG  ]  fastqc/zip - Selecting './fastqc/nH3K27_N_R2_2_fastqc.zip' as it matched the path_filters for 'FastQC (raw)'
[2025-01-24 09:54:27,761] multiqc.modules.fastqc.fastqc                      [DEBUG  ]  Duplicate sample name found! Overwriting: nH3K27_N_R2
[2025-01-24 09:54:27,780] multiqc.modules.base_module                        [DEBUG  ]  fastqc/zip - Selecting './fastqc/H3K4_N_R2_1_fastqc.zip' as it matched the path_filters for 'FastQC (raw)'
[2025-01-24 09:54:27,803] multiqc.modules.fastqc.fastqc                      [DEBUG  ]  Duplicate sample name found! Overwriting: H3K4_N_R2
[2025-01-24 09:54:27,824] multiqc.modules.base_module                        [DEBUG  ]  fastqc/zip - Selecting './fastqc/nH3K4_A_R1_2_fastqc.zip' as it matched the path_filters for 'FastQC (raw)'
[2025-01-24 09:54:27,916] multiqc.modules.base_module                        [DEBUG  ]  fastqc/zip - Selecting './fastqc/H3K4_A_R1_1_fastqc.zip' as it matched the path_filters for 'FastQC (raw)'
[2025-01-24 09:54:27,950] multiqc.modules.base_module                        [DEBUG  ]  fastqc/zip - Selecting './fastqc/IgG_A_R1_1_fastqc.zip' as it matched the path_filters for 'FastQC (raw)'
[2025-01-24 09:54:28,003] multiqc.modules.base_module                        [DEBUG  ]  fastqc/zip - Selecting './fastqc/H3K4_A_R1_2_fastqc.zip' as it matched the path_filters for 'FastQC (raw)'
[2025-01-24 09:54:28,035] multiqc.modules.fastqc.fastqc                      [DEBUG  ]  Duplicate sample name found! Overwriting: H3K4_A_R1
[2025-01-24 09:54:28,055] multiqc.modules.base_module                        [DEBUG  ]  fastqc/zip - Selecting './fastqc/H3K4_A_R4_2_fastqc.zip' as it matched the path_filters for 'FastQC (raw)'
[2025-01-24 09:54:28,116] multiqc.modules.base_module                        [DEBUG  ]  fastqc/zip - Selecting './fastqc/nH3K4_A_R3_1_fastqc.zip' as it matched the path_filters for 'FastQC (raw)'
[2025-01-24 09:54:28,143] multiqc.modules.base_module                        [DEBUG  ]  fastqc/zip - Selecting './fastqc/nH3K4_N_R1_2_fastqc.zip' as it matched the path_filters for 'FastQC (raw)'
[2025-01-24 09:54:28,193] multiqc.modules.fastqc.fastqc                      [DEBUG  ]  Duplicate sample name found! Overwriting: nH3K4_N_R1
[2025-01-24 09:54:28,215] multiqc.modules.base_module                        [DEBUG  ]  fastqc/zip - Selecting './fastqc/nH3K27_N_R3_2_fastqc.zip' as it matched the path_filters for 'FastQC (raw)'
[2025-01-24 09:54:28,280] multiqc.modules.base_module                        [DEBUG  ]  fastqc/zip - Selecting './fastqc/H3K27_A_R1_1_fastqc.zip' as it matched the path_filters for 'FastQC (raw)'
[2025-01-24 09:54:28,354] multiqc.modules.base_module                        [DEBUG  ]  fastqc/zip - Selecting './fastqc/nH3K27_N_R1_1_fastqc.zip' as it matched the path_filters for 'FastQC (raw)'
[2025-01-24 09:54:28,402] multiqc.modules.fastqc.fastqc                      [DEBUG  ]  Duplicate sample name found! Overwriting: nH3K27_N_R1
[2025-01-24 09:54:28,418] multiqc.modules.base_module                        [DEBUG  ]  fastqc/zip - Selecting './fastqc/nH3K27_A_R1_1_fastqc.zip' as it matched the path_filters for 'FastQC (raw)'
[2025-01-24 09:54:28,473] multiqc.modules.base_module                        [DEBUG  ]  fastqc/zip - Selecting './fastqc/nH3K4_A_R3_2_fastqc.zip' as it matched the path_filters for 'FastQC (raw)'
[2025-01-24 09:54:28,508] multiqc.modules.fastqc.fastqc                      [DEBUG  ]  Duplicate sample name found! Overwriting: nH3K4_A_R3
[2025-01-24 09:54:28,527] multiqc.modules.base_module                        [DEBUG  ]  fastqc/zip - Selecting './fastqc/IgG_A_R1_2_fastqc.zip' as it matched the path_filters for 'FastQC (raw)'
[2025-01-24 09:54:28,567] multiqc.modules.fastqc.fastqc                      [DEBUG  ]  Duplicate sample name found! Overwriting: IgG_A_R1
[2025-01-24 09:54:28,584] multiqc.modules.base_module                        [DEBUG  ]  fastqc/zip - Selecting './fastqc/nH3K27_A_R1_2_fastqc.zip' as it matched the path_filters for 'FastQC (raw)'
[2025-01-24 09:54:28,621] multiqc.modules.fastqc.fastqc                      [DEBUG  ]  Duplicate sample name found! Overwriting: nH3K27_A_R1
[2025-01-24 09:54:28,640] multiqc.modules.base_module                        [DEBUG  ]  fastqc/zip - Selecting './fastqc/H3K4_A_R3_2_fastqc.zip' as it matched the path_filters for 'FastQC (raw)'
[2025-01-24 09:54:28,683] multiqc.modules.fastqc.fastqc                      [DEBUG  ]  Duplicate sample name found! Overwriting: H3K4_A_R3
[2025-01-24 09:54:28,702] multiqc.modules.base_module                        [DEBUG  ]  fastqc/zip - Selecting './fastqc/IgG_N_R1_1_fastqc.zip' as it matched the path_filters for 'FastQC (raw)'
[2025-01-24 09:54:28,764] multiqc.modules.fastqc.fastqc                      [DEBUG  ]  Duplicate sample name found! Overwriting: IgG_N_R1
[2025-01-24 09:54:28,783] multiqc.modules.base_module                        [DEBUG  ]  fastqc/zip - Selecting './fastqc/nH3K4_A_R1_1_fastqc.zip' as it matched the path_filters for 'FastQC (raw)'
[2025-01-24 09:54:28,811] multiqc.modules.fastqc.fastqc                      [DEBUG  ]  Duplicate sample name found! Overwriting: nH3K4_A_R1
[2025-01-24 09:54:28,829] multiqc.modules.base_module                        [DEBUG  ]  fastqc/zip - Selecting './fastqc/nH3K27_N_R3_1_fastqc.zip' as it matched the path_filters for 'FastQC (raw)'
[2025-01-24 09:54:28,860] multiqc.modules.fastqc.fastqc                      [DEBUG  ]  Duplicate sample name found! Overwriting: nH3K27_N_R3
[2025-01-24 09:54:28,879] multiqc.modules.base_module                        [DEBUG  ]  fastqc/zip - Selecting './fastqc/H3K27_N_R4_1_fastqc.zip' as it matched the path_filters for 'FastQC (raw)'
[2025-01-24 09:54:28,958] multiqc.modules.base_module                        [DEBUG  ]  fastqc/zip - Selecting './fastqc/nH3K4_N_R2_2_fastqc.zip' as it matched the path_filters for 'FastQC (raw)'
[2025-01-24 09:54:29,028] multiqc.modules.base_module                        [DEBUG  ]  fastqc/zip - Selecting './fastqc/nH3K27_A_R2_1_fastqc.zip' as it matched the path_filters for 'FastQC (raw)'
[2025-01-24 09:54:29,061] multiqc.modules.base_module                        [DEBUG  ]  fastqc/zip - Selecting './fastqc/H3K4_A_R2_2_fastqc.zip' as it matched the path_filters for 'FastQC (raw)'
[2025-01-24 09:54:29,116] multiqc.modules.base_module                        [DEBUG  ]  fastqc/zip - Selecting './fastqc/H3K27_N_R2_2_fastqc.zip' as it matched the path_filters for 'FastQC (raw)'
[2025-01-24 09:54:29,187] multiqc.modules.fastqc.fastqc                      [DEBUG  ]  Duplicate sample name found! Overwriting: H3K27_N_R2
[2025-01-24 09:54:29,206] multiqc.modules.base_module                        [DEBUG  ]  fastqc/zip - Selecting './fastqc/H3K4_A_R4_1_fastqc.zip' as it matched the path_filters for 'FastQC (raw)'
[2025-01-24 09:54:29,246] multiqc.modules.fastqc.fastqc                      [DEBUG  ]  Duplicate sample name found! Overwriting: H3K4_A_R4
[2025-01-24 09:54:29,266] multiqc.modules.base_module                        [DEBUG  ]  fastqc/zip - Selecting './fastqc/nIgG_A_R1_1_fastqc.zip' as it matched the path_filters for 'FastQC (raw)'
[2025-01-24 09:54:29,340] multiqc.modules.base_module                        [DEBUG  ]  fastqc/zip - Selecting './fastqc/H3K27_N_R3_2_fastqc.zip' as it matched the path_filters for 'FastQC (raw)'
[2025-01-24 09:54:29,377] multiqc.modules.fastqc.fastqc                      [DEBUG  ]  Duplicate sample name found! Overwriting: H3K27_N_R3
[2025-01-24 09:54:29,398] multiqc.modules.base_module                        [DEBUG  ]  fastqc/zip - Selecting './fastqc/H3K4_N_R3_2_fastqc.zip' as it matched the path_filters for 'FastQC (raw)'
[2025-01-24 09:54:29,407] multiqc.modules.fastqc.fastqc                      [DEBUG  ]  Duplicate sample name found! Overwriting: H3K4_N_R3
[2025-01-24 09:54:29,419] multiqc.modules.base_module                        [DEBUG  ]  fastqc/zip - Selecting './fastqc/nH3K27_A_R3_2_fastqc.zip' as it matched the path_filters for 'FastQC (raw)'
[2025-01-24 09:54:29,427] multiqc.modules.fastqc.fastqc                      [DEBUG  ]  Duplicate sample name found! Overwriting: nH3K27_A_R3
[2025-01-24 09:54:29,444] multiqc.modules.base_module                        [DEBUG  ]  fastqc/zip - Selecting './fastqc/nH3K27_A_R2_2_fastqc.zip' as it matched the path_filters for 'FastQC (raw)'
[2025-01-24 09:54:29,503] multiqc.modules.fastqc.fastqc                      [DEBUG  ]  Duplicate sample name found! Overwriting: nH3K27_A_R2
[2025-01-24 09:54:29,523] multiqc.modules.base_module                        [DEBUG  ]  fastqc/zip - Selecting './fastqc/nH3K4_N_R3_1_fastqc.zip' as it matched the path_filters for 'FastQC (raw)'
[2025-01-24 09:54:29,597] multiqc.modules.base_module                        [DEBUG  ]  fastqc/zip - Selecting './fastqc/H3K27_N_R4_2_fastqc.zip' as it matched the path_filters for 'FastQC (raw)'
[2025-01-24 09:54:29,654] multiqc.modules.fastqc.fastqc                      [DEBUG  ]  Duplicate sample name found! Overwriting: H3K27_N_R4
[2025-01-24 09:54:29,674] multiqc.modules.base_module                        [DEBUG  ]  fastqc/zip - Selecting './fastqc/H3K4_A_R2_1_fastqc.zip' as it matched the path_filters for 'FastQC (raw)'
[2025-01-24 09:54:29,750] multiqc.modules.fastqc.fastqc                      [DEBUG  ]  Duplicate sample name found! Overwriting: H3K4_A_R2
[2025-01-24 09:54:29,769] multiqc.modules.base_module                        [DEBUG  ]  fastqc/zip - Selecting './fastqc/nIgG_A_R1_2_fastqc.zip' as it matched the path_filters for 'FastQC (raw)'
[2025-01-24 09:54:29,776] multiqc.modules.fastqc.fastqc                      [DEBUG  ]  Duplicate sample name found! Overwriting: nIgG_A_R1
[2025-01-24 09:54:29,795] multiqc.modules.base_module                        [DEBUG  ]  fastqc/zip - Selecting './fastqc/H3K27_A_R1_2_fastqc.zip' as it matched the path_filters for 'FastQC (raw)'
[2025-01-24 09:54:29,880] multiqc.modules.fastqc.fastqc                      [DEBUG  ]  Duplicate sample name found! Overwriting: H3K27_A_R1
[2025-01-24 09:54:29,902] multiqc.modules.base_module                        [DEBUG  ]  fastqc/zip - Selecting './fastqc/nH3K4_N_R2_1_fastqc.zip' as it matched the path_filters for 'FastQC (raw)'
[2025-01-24 09:54:29,937] multiqc.modules.fastqc.fastqc                      [DEBUG  ]  Duplicate sample name found! Overwriting: nH3K4_N_R2
[2025-01-24 09:54:29,958] multiqc.modules.base_module                        [DEBUG  ]  fastqc/zip - Selecting './fastqc/nH3K4_N_R3_2_fastqc.zip' as it matched the path_filters for 'FastQC (raw)'
[2025-01-24 09:54:29,983] multiqc.modules.fastqc.fastqc                      [DEBUG  ]  Duplicate sample name found! Overwriting: nH3K4_N_R3
[2025-01-24 09:54:30,003] multiqc.modules.base_module                        [DEBUG  ]  fastqc/zip - Selecting './fastqc/H3K4_N_R4_1_fastqc.zip' as it matched the path_filters for 'FastQC (raw)'
[2025-01-24 09:54:30,046] multiqc.modules.fastqc.fastqc                      [DEBUG  ]  Duplicate sample name found! Overwriting: H3K4_N_R4
[2025-01-24 09:54:30,068] multiqc.modules.base_module                        [DEBUG  ]  fastqc/zip - Skipping './trimgalore/fastqc/nH3K4_N_R3_1.trimmed_fastqc.zip' as it didn't match the path_filters for 'FastQC (raw)'
[2025-01-24 09:54:30,068] multiqc.modules.base_module                        [DEBUG  ]  fastqc/zip - Skipping './trimgalore/fastqc/IgG_N_R1_2.trimmed_fastqc.zip' as it didn't match the path_filters for 'FastQC (raw)'
[2025-01-24 09:54:30,068] multiqc.modules.base_module                        [DEBUG  ]  fastqc/zip - Skipping './trimgalore/fastqc/H3K27_A_R3_2.trimmed_fastqc.zip' as it didn't match the path_filters for 'FastQC (raw)'
[2025-01-24 09:54:30,068] multiqc.modules.base_module                        [DEBUG  ]  fastqc/zip - Skipping './trimgalore/fastqc/H3K4_A_R4_1.trimmed_fastqc.zip' as it didn't match the path_filters for 'FastQC (raw)'
[2025-01-24 09:54:30,068] multiqc.modules.base_module                        [DEBUG  ]  fastqc/zip - Skipping './trimgalore/fastqc/nIgG_A_R1_2.trimmed_fastqc.zip' as it didn't match the path_filters for 'FastQC (raw)'
[2025-01-24 09:54:30,068] multiqc.modules.base_module                        [DEBUG  ]  fastqc/zip - Skipping './trimgalore/fastqc/nH3K4_N_R2_2.trimmed_fastqc.zip' as it didn't match the path_filters for 'FastQC (raw)'
[2025-01-24 09:54:30,068] multiqc.modules.base_module                        [DEBUG  ]  fastqc/zip - Skipping './trimgalore/fastqc/nH3K27_A_R3_2.trimmed_fastqc.zip' as it didn't match the path_filters for 'FastQC (raw)'
[2025-01-24 09:54:30,068] multiqc.modules.base_module                        [DEBUG  ]  fastqc/zip - Skipping './trimgalore/fastqc/H3K27_N_R3_2.trimmed_fastqc.zip' as it didn't match the path_filters for 'FastQC (raw)'
[2025-01-24 09:54:30,068] multiqc.modules.base_module                        [DEBUG  ]  fastqc/zip - Skipping './trimgalore/fastqc/IgG_A_R1_2.trimmed_fastqc.zip' as it didn't match the path_filters for 'FastQC (raw)'
[2025-01-24 09:54:30,069] multiqc.modules.base_module                        [DEBUG  ]  fastqc/zip - Skipping './trimgalore/fastqc/H3K27_N_R3_1.trimmed_fastqc.zip' as it didn't match the path_filters for 'FastQC (raw)'
[2025-01-24 09:54:30,069] multiqc.modules.base_module                        [DEBUG  ]  fastqc/zip - Skipping './trimgalore/fastqc/nH3K27_N_R2_1.trimmed_fastqc.zip' as it didn't match the path_filters for 'FastQC (raw)'
[2025-01-24 09:54:30,069] multiqc.modules.base_module                        [DEBUG  ]  fastqc/zip - Skipping './trimgalore/fastqc/nH3K4_A_R1_1.trimmed_fastqc.zip' as it didn't match the path_filters for 'FastQC (raw)'
[2025-01-24 09:54:30,069] multiqc.modules.base_module                        [DEBUG  ]  fastqc/zip - Skipping './trimgalore/fastqc/H3K4_A_R3_1.trimmed_fastqc.zip' as it didn't match the path_filters for 'FastQC (raw)'
[2025-01-24 09:54:30,069] multiqc.modules.base_module                        [DEBUG  ]  fastqc/zip - Skipping './trimgalore/fastqc/H3K27_A_R1_1.trimmed_fastqc.zip' as it didn't match the path_filters for 'FastQC (raw)'
[2025-01-24 09:54:30,069] multiqc.modules.base_module                        [DEBUG  ]  fastqc/zip - Skipping './trimgalore/fastqc/H3K4_N_R1_2.trimmed_fastqc.zip' as it didn't match the path_filters for 'FastQC (raw)'
[2025-01-24 09:54:30,069] multiqc.modules.base_module                        [DEBUG  ]  fastqc/zip - Skipping './trimgalore/fastqc/H3K27_N_R4_2.trimmed_fastqc.zip' as it didn't match the path_filters for 'FastQC (raw)'
[2025-01-24 09:54:30,069] multiqc.modules.base_module                        [DEBUG  ]  fastqc/zip - Skipping './trimgalore/fastqc/nH3K4_N_R3_2.trimmed_fastqc.zip' as it didn't match the path_filters for 'FastQC (raw)'
[2025-01-24 09:54:30,069] multiqc.modules.base_module                        [DEBUG  ]  fastqc/zip - Skipping './trimgalore/fastqc/H3K27_N_R1_2.trimmed_fastqc.zip' as it didn't match the path_filters for 'FastQC (raw)'
[2025-01-24 09:54:30,069] multiqc.modules.base_module                        [DEBUG  ]  fastqc/zip - Skipping './trimgalore/fastqc/H3K4_N_R4_2.trimmed_fastqc.zip' as it didn't match the path_filters for 'FastQC (raw)'
[2025-01-24 09:54:30,069] multiqc.modules.base_module                        [DEBUG  ]  fastqc/zip - Skipping './trimgalore/fastqc/nH3K27_N_R1_1.trimmed_fastqc.zip' as it didn't match the path_filters for 'FastQC (raw)'
[2025-01-24 09:54:30,069] multiqc.modules.base_module                        [DEBUG  ]  fastqc/zip - Skipping './trimgalore/fastqc/nH3K27_A_R2_1.trimmed_fastqc.zip' as it didn't match the path_filters for 'FastQC (raw)'
[2025-01-24 09:54:30,069] multiqc.modules.base_module                        [DEBUG  ]  fastqc/zip - Skipping './trimgalore/fastqc/nH3K27_A_R2_2.trimmed_fastqc.zip' as it didn't match the path_filters for 'FastQC (raw)'
[2025-01-24 09:54:30,069] multiqc.modules.base_module                        [DEBUG  ]  fastqc/zip - Skipping './trimgalore/fastqc/nH3K27_N_R1_2.trimmed_fastqc.zip' as it didn't match the path_filters for 'FastQC (raw)'
[2025-01-24 09:54:30,069] multiqc.modules.base_module                        [DEBUG  ]  fastqc/zip - Skipping './trimgalore/fastqc/H3K4_N_R2_2.trimmed_fastqc.zip' as it didn't match the path_filters for 'FastQC (raw)'
[2025-01-24 09:54:30,070] multiqc.modules.base_module                        [DEBUG  ]  fastqc/zip - Skipping './trimgalore/fastqc/nH3K27_A_R1_1.trimmed_fastqc.zip' as it didn't match the path_filters for 'FastQC (raw)'
[2025-01-24 09:54:30,070] multiqc.modules.base_module                        [DEBUG  ]  fastqc/zip - Skipping './trimgalore/fastqc/nH3K4_N_R2_1.trimmed_fastqc.zip' as it didn't match the path_filters for 'FastQC (raw)'
[2025-01-24 09:54:30,070] multiqc.modules.base_module                        [DEBUG  ]  fastqc/zip - Skipping './trimgalore/fastqc/nH3K27_A_R3_1.trimmed_fastqc.zip' as it didn't match the path_filters for 'FastQC (raw)'
[2025-01-24 09:54:30,070] multiqc.modules.base_module                        [DEBUG  ]  fastqc/zip - Skipping './trimgalore/fastqc/IgG_A_R1_1.trimmed_fastqc.zip' as it didn't match the path_filters for 'FastQC (raw)'
[2025-01-24 09:54:30,070] multiqc.modules.base_module                        [DEBUG  ]  fastqc/zip - Skipping './trimgalore/fastqc/nH3K4_A_R2_1.trimmed_fastqc.zip' as it didn't match the path_filters for 'FastQC (raw)'
[2025-01-24 09:54:30,070] multiqc.modules.base_module                        [DEBUG  ]  fastqc/zip - Skipping './trimgalore/fastqc/H3K4_A_R1_1.trimmed_fastqc.zip' as it didn't match the path_filters for 'FastQC (raw)'
[2025-01-24 09:54:30,070] multiqc.modules.base_module                        [DEBUG  ]  fastqc/zip - Skipping './trimgalore/fastqc/H3K27_A_R3_1.trimmed_fastqc.zip' as it didn't match the path_filters for 'FastQC (raw)'
[2025-01-24 09:54:30,070] multiqc.modules.base_module                        [DEBUG  ]  fastqc/zip - Skipping './trimgalore/fastqc/H3K4_N_R4_1.trimmed_fastqc.zip' as it didn't match the path_filters for 'FastQC (raw)'
[2025-01-24 09:54:30,070] multiqc.modules.base_module                        [DEBUG  ]  fastqc/zip - Skipping './trimgalore/fastqc/H3K27_A_R2_2.trimmed_fastqc.zip' as it didn't match the path_filters for 'FastQC (raw)'
[2025-01-24 09:54:30,070] multiqc.modules.base_module                        [DEBUG  ]  fastqc/zip - Skipping './trimgalore/fastqc/nH3K27_N_R2_2.trimmed_fastqc.zip' as it didn't match the path_filters for 'FastQC (raw)'
[2025-01-24 09:54:30,070] multiqc.modules.base_module                        [DEBUG  ]  fastqc/zip - Skipping './trimgalore/fastqc/H3K4_A_R4_2.trimmed_fastqc.zip' as it didn't match the path_filters for 'FastQC (raw)'
[2025-01-24 09:54:30,070] multiqc.modules.base_module                        [DEBUG  ]  fastqc/zip - Skipping './trimgalore/fastqc/nH3K4_A_R3_2.trimmed_fastqc.zip' as it didn't match the path_filters for 'FastQC (raw)'
[2025-01-24 09:54:30,070] multiqc.modules.base_module                        [DEBUG  ]  fastqc/zip - Skipping './trimgalore/fastqc/H3K4_N_R1_1.trimmed_fastqc.zip' as it didn't match the path_filters for 'FastQC (raw)'
[2025-01-24 09:54:30,070] multiqc.modules.base_module                        [DEBUG  ]  fastqc/zip - Skipping './trimgalore/fastqc/nIgG_N_R1_1.trimmed_fastqc.zip' as it didn't match the path_filters for 'FastQC (raw)'
[2025-01-24 09:54:30,070] multiqc.modules.base_module                        [DEBUG  ]  fastqc/zip - Skipping './trimgalore/fastqc/nH3K4_A_R2_2.trimmed_fastqc.zip' as it didn't match the path_filters for 'FastQC (raw)'
[2025-01-24 09:54:30,070] multiqc.modules.base_module                        [DEBUG  ]  fastqc/zip - Skipping './trimgalore/fastqc/H3K4_A_R1_2.trimmed_fastqc.zip' as it didn't match the path_filters for 'FastQC (raw)'
[2025-01-24 09:54:30,071] multiqc.modules.base_module                        [DEBUG  ]  fastqc/zip - Skipping './trimgalore/fastqc/H3K27_A_R4_2.trimmed_fastqc.zip' as it didn't match the path_filters for 'FastQC (raw)'
[2025-01-24 09:54:30,071] multiqc.modules.base_module                        [DEBUG  ]  fastqc/zip - Skipping './trimgalore/fastqc/H3K4_A_R2_1.trimmed_fastqc.zip' as it didn't match the path_filters for 'FastQC (raw)'
[2025-01-24 09:54:30,071] multiqc.modules.base_module                        [DEBUG  ]  fastqc/zip - Skipping './trimgalore/fastqc/H3K27_N_R1_1.trimmed_fastqc.zip' as it didn't match the path_filters for 'FastQC (raw)'
[2025-01-24 09:54:30,071] multiqc.modules.base_module                        [DEBUG  ]  fastqc/zip - Skipping './trimgalore/fastqc/nH3K4_N_R1_2.trimmed_fastqc.zip' as it didn't match the path_filters for 'FastQC (raw)'
[2025-01-24 09:54:30,071] multiqc.modules.base_module                        [DEBUG  ]  fastqc/zip - Skipping './trimgalore/fastqc/H3K27_N_R4_1.trimmed_fastqc.zip' as it didn't match the path_filters for 'FastQC (raw)'
[2025-01-24 09:54:30,071] multiqc.modules.base_module                        [DEBUG  ]  fastqc/zip - Skipping './trimgalore/fastqc/H3K27_A_R2_1.trimmed_fastqc.zip' as it didn't match the path_filters for 'FastQC (raw)'
[2025-01-24 09:54:30,071] multiqc.modules.base_module                        [DEBUG  ]  fastqc/zip - Skipping './trimgalore/fastqc/H3K4_N_R2_1.trimmed_fastqc.zip' as it didn't match the path_filters for 'FastQC (raw)'
[2025-01-24 09:54:30,071] multiqc.modules.base_module                        [DEBUG  ]  fastqc/zip - Skipping './trimgalore/fastqc/H3K27_N_R2_1.trimmed_fastqc.zip' as it didn't match the path_filters for 'FastQC (raw)'
[2025-01-24 09:54:30,071] multiqc.modules.base_module                        [DEBUG  ]  fastqc/zip - Skipping './trimgalore/fastqc/nH3K4_A_R3_1.trimmed_fastqc.zip' as it didn't match the path_filters for 'FastQC (raw)'
[2025-01-24 09:54:30,071] multiqc.modules.base_module                        [DEBUG  ]  fastqc/zip - Skipping './trimgalore/fastqc/nIgG_N_R1_2.trimmed_fastqc.zip' as it didn't match the path_filters for 'FastQC (raw)'
[2025-01-24 09:54:30,071] multiqc.modules.base_module                        [DEBUG  ]  fastqc/zip - Skipping './trimgalore/fastqc/nH3K27_A_R1_2.trimmed_fastqc.zip' as it didn't match the path_filters for 'FastQC (raw)'
[2025-01-24 09:54:30,071] multiqc.modules.base_module                        [DEBUG  ]  fastqc/zip - Skipping './trimgalore/fastqc/nH3K4_A_R1_2.trimmed_fastqc.zip' as it didn't match the path_filters for 'FastQC (raw)'
[2025-01-24 09:54:30,071] multiqc.modules.base_module                        [DEBUG  ]  fastqc/zip - Skipping './trimgalore/fastqc/nH3K27_N_R3_2.trimmed_fastqc.zip' as it didn't match the path_filters for 'FastQC (raw)'
[2025-01-24 09:54:30,071] multiqc.modules.base_module                        [DEBUG  ]  fastqc/zip - Skipping './trimgalore/fastqc/H3K4_N_R3_1.trimmed_fastqc.zip' as it didn't match the path_filters for 'FastQC (raw)'
[2025-01-24 09:54:30,071] multiqc.modules.base_module                        [DEBUG  ]  fastqc/zip - Skipping './trimgalore/fastqc/nH3K27_N_R3_1.trimmed_fastqc.zip' as it didn't match the path_filters for 'FastQC (raw)'
[2025-01-24 09:54:30,071] multiqc.modules.base_module                        [DEBUG  ]  fastqc/zip - Skipping './trimgalore/fastqc/H3K27_N_R2_2.trimmed_fastqc.zip' as it didn't match the path_filters for 'FastQC (raw)'
[2025-01-24 09:54:30,071] multiqc.modules.base_module                        [DEBUG  ]  fastqc/zip - Skipping './trimgalore/fastqc/H3K27_A_R4_1.trimmed_fastqc.zip' as it didn't match the path_filters for 'FastQC (raw)'
[2025-01-24 09:54:30,071] multiqc.modules.base_module                        [DEBUG  ]  fastqc/zip - Skipping './trimgalore/fastqc/IgG_N_R1_1.trimmed_fastqc.zip' as it didn't match the path_filters for 'FastQC (raw)'
[2025-01-24 09:54:30,072] multiqc.modules.base_module                        [DEBUG  ]  fastqc/zip - Skipping './trimgalore/fastqc/H3K27_A_R1_2.trimmed_fastqc.zip' as it didn't match the path_filters for 'FastQC (raw)'
[2025-01-24 09:54:30,072] multiqc.modules.base_module                        [DEBUG  ]  fastqc/zip - Skipping './trimgalore/fastqc/H3K4_N_R3_2.trimmed_fastqc.zip' as it didn't match the path_filters for 'FastQC (raw)'
[2025-01-24 09:54:30,072] multiqc.modules.base_module                        [DEBUG  ]  fastqc/zip - Skipping './trimgalore/fastqc/nH3K4_N_R1_1.trimmed_fastqc.zip' as it didn't match the path_filters for 'FastQC (raw)'
[2025-01-24 09:54:30,072] multiqc.modules.base_module                        [DEBUG  ]  fastqc/zip - Skipping './trimgalore/fastqc/H3K4_A_R2_2.trimmed_fastqc.zip' as it didn't match the path_filters for 'FastQC (raw)'
[2025-01-24 09:54:30,072] multiqc.modules.base_module                        [DEBUG  ]  fastqc/zip - Skipping './trimgalore/fastqc/nIgG_A_R1_1.trimmed_fastqc.zip' as it didn't match the path_filters for 'FastQC (raw)'
[2025-01-24 09:54:30,072] multiqc.modules.base_module                        [DEBUG  ]  fastqc/zip - Skipping './trimgalore/fastqc/H3K4_A_R3_2.trimmed_fastqc.zip' as it didn't match the path_filters for 'FastQC (raw)'
[2025-01-24 09:54:30,072] multiqc.modules.fastqc.fastqc                      [INFO   ]  Found 32 reports
[2025-01-24 09:54:37,949] multiqc.modules.cutadapt.cutadapt                  [DEBUG  ]  Duplicate sample name found! Overwriting: nH3K27_N_R2
[2025-01-24 09:54:37,961] multiqc.modules.cutadapt.cutadapt                  [DEBUG  ]  Duplicate sample name found! Overwriting: nH3K27_A_R3
[2025-01-24 09:54:38,023] multiqc.modules.cutadapt.cutadapt                  [DEBUG  ]  Duplicate sample name found! Overwriting: H3K27_N_R2
[2025-01-24 09:54:38,060] multiqc.modules.cutadapt.cutadapt                  [DEBUG  ]  Duplicate sample name found! Overwriting: nH3K27_N_R1
[2025-01-24 09:54:38,065] multiqc.modules.cutadapt.cutadapt                  [DEBUG  ]  Duplicate sample name found! Overwriting: H3K4_A_R2
[2025-01-24 09:54:38,094] multiqc.modules.cutadapt.cutadapt                  [DEBUG  ]  Duplicate sample name found! Overwriting: nH3K4_N_R3
[2025-01-24 09:54:38,114] multiqc.modules.cutadapt.cutadapt                  [DEBUG  ]  Duplicate sample name found! Overwriting: H3K4_N_R2
[2025-01-24 09:54:38,122] multiqc.modules.cutadapt.cutadapt                  [DEBUG  ]  Duplicate sample name found! Overwriting: nIgG_A_R1
[2025-01-24 09:54:38,168] multiqc.modules.cutadapt.cutadapt                  [DEBUG  ]  Duplicate sample name found! Overwriting: H3K27_N_R1
[2025-01-24 09:54:38,176] multiqc.modules.cutadapt.cutadapt                  [DEBUG  ]  Duplicate sample name found! Overwriting: H3K27_A_R2
[2025-01-24 09:54:38,190] multiqc.modules.cutadapt.cutadapt                  [DEBUG  ]  Duplicate sample name found! Overwriting: nH3K4_A_R1
[2025-01-24 09:54:38,273] multiqc.modules.cutadapt.cutadapt                  [DEBUG  ]  Duplicate sample name found! Overwriting: nH3K4_A_R2
[2025-01-24 09:54:38,279] multiqc.modules.cutadapt.cutadapt                  [DEBUG  ]  Duplicate sample name found! Overwriting: H3K4_A_R1
[2025-01-24 09:54:38,288] multiqc.modules.cutadapt.cutadapt                  [DEBUG  ]  Duplicate sample name found! Overwriting: nH3K4_A_R3
[2025-01-24 09:54:38,295] multiqc.modules.cutadapt.cutadapt                  [DEBUG  ]  Duplicate sample name found! Overwriting: nH3K27_A_R1
[2025-01-24 09:54:38,302] multiqc.modules.cutadapt.cutadapt                  [DEBUG  ]  Duplicate sample name found! Overwriting: H3K27_A_R4
[2025-01-24 09:54:38,309] multiqc.modules.cutadapt.cutadapt                  [DEBUG  ]  Duplicate sample name found! Overwriting: IgG_N_R1
[2025-01-24 09:54:38,318] multiqc.modules.cutadapt.cutadapt                  [DEBUG  ]  Duplicate sample name found! Overwriting: H3K4_A_R3
[2025-01-24 09:54:38,326] multiqc.modules.cutadapt.cutadapt                  [DEBUG  ]  Duplicate sample name found! Overwriting: IgG_A_R1
[2025-01-24 09:54:38,333] multiqc.modules.cutadapt.cutadapt                  [DEBUG  ]  Duplicate sample name found! Overwriting: H3K4_A_R4
[2025-01-24 09:54:38,346] multiqc.modules.cutadapt.cutadapt                  [DEBUG  ]  Duplicate sample name found! Overwriting: nIgG_N_R1
[2025-01-24 09:54:38,381] multiqc.modules.cutadapt.cutadapt                  [DEBUG  ]  Duplicate sample name found! Overwriting: nH3K4_N_R2
[2025-01-24 09:54:38,410] multiqc.modules.cutadapt.cutadapt                  [DEBUG  ]  Duplicate sample name found! Overwriting: H3K27_A_R1
[2025-01-24 09:54:38,418] multiqc.modules.cutadapt.cutadapt                  [DEBUG  ]  Duplicate sample name found! Overwriting: H3K27_A_R3
[2025-01-24 09:54:38,432] multiqc.modules.cutadapt.cutadapt                  [DEBUG  ]  Duplicate sample name found! Overwriting: H3K27_N_R3
[2025-01-24 09:54:38,464] multiqc.modules.cutadapt.cutadapt                  [DEBUG  ]  Duplicate sample name found! Overwriting: H3K4_N_R4
[2025-01-24 09:54:38,470] multiqc.modules.cutadapt.cutadapt                  [DEBUG  ]  Duplicate sample name found! Overwriting: nH3K27_A_R2
[2025-01-24 09:54:38,479] multiqc.modules.cutadapt.cutadapt                  [DEBUG  ]  Duplicate sample name found! Overwriting: H3K4_N_R1
[2025-01-24 09:54:38,487] multiqc.modules.cutadapt.cutadapt                  [DEBUG  ]  Duplicate sample name found! Overwriting: H3K27_N_R4
[2025-01-24 09:54:38,495] multiqc.modules.cutadapt.cutadapt                  [DEBUG  ]  Duplicate sample name found! Overwriting: nH3K27_N_R3
[2025-01-24 09:54:38,503] multiqc.modules.cutadapt.cutadapt                  [DEBUG  ]  Duplicate sample name found! Overwriting: H3K4_N_R3
[2025-01-24 09:54:38,509] multiqc.modules.cutadapt.cutadapt                  [DEBUG  ]  Duplicate sample name found! Overwriting: nH3K4_N_R1
[2025-01-24 09:54:38,512] multiqc.modules.cutadapt.cutadapt                  [INFO   ]  Found 32 reports
[2025-01-24 09:54:41,551] multiqc.modules.base_module                        [DEBUG  ]  fastqc/zip - Skipping './fastqc/H3K27_A_R4_2_fastqc.zip' as it didn't match the path_filters for 'FastQC (trimmed)'
[2025-01-24 09:54:41,551] multiqc.modules.base_module                        [DEBUG  ]  fastqc/zip - Skipping './fastqc/H3K4_N_R1_1_fastqc.zip' as it didn't match the path_filters for 'FastQC (trimmed)'
[2025-01-24 09:54:41,551] multiqc.modules.base_module                        [DEBUG  ]  fastqc/zip - Skipping './fastqc/H3K27_N_R1_2_fastqc.zip' as it didn't match the path_filters for 'FastQC (trimmed)'
[2025-01-24 09:54:41,551] multiqc.modules.base_module                        [DEBUG  ]  fastqc/zip - Skipping './fastqc/H3K27_A_R2_2_fastqc.zip' as it didn't match the path_filters for 'FastQC (trimmed)'
[2025-01-24 09:54:41,551] multiqc.modules.base_module                        [DEBUG  ]  fastqc/zip - Skipping './fastqc/H3K4_N_R2_2_fastqc.zip' as it didn't match the path_filters for 'FastQC (trimmed)'
[2025-01-24 09:54:41,551] multiqc.modules.base_module                        [DEBUG  ]  fastqc/zip - Skipping './fastqc/nH3K4_A_R2_2_fastqc.zip' as it didn't match the path_filters for 'FastQC (trimmed)'
[2025-01-24 09:54:41,551] multiqc.modules.base_module                        [DEBUG  ]  fastqc/zip - Skipping './fastqc/H3K27_A_R4_1_fastqc.zip' as it didn't match the path_filters for 'FastQC (trimmed)'
[2025-01-24 09:54:41,551] multiqc.modules.base_module                        [DEBUG  ]  fastqc/zip - Skipping './fastqc/nH3K27_A_R3_1_fastqc.zip' as it didn't match the path_filters for 'FastQC (trimmed)'
[2025-01-24 09:54:41,552] multiqc.modules.base_module                        [DEBUG  ]  fastqc/zip - Skipping './fastqc/IgG_N_R1_2_fastqc.zip' as it didn't match the path_filters for 'FastQC (trimmed)'
[2025-01-24 09:54:41,552] multiqc.modules.base_module                        [DEBUG  ]  fastqc/zip - Skipping './fastqc/H3K4_N_R3_1_fastqc.zip' as it didn't match the path_filters for 'FastQC (trimmed)'
[2025-01-24 09:54:41,552] multiqc.modules.base_module                        [DEBUG  ]  fastqc/zip - Skipping './fastqc/H3K27_A_R2_1_fastqc.zip' as it didn't match the path_filters for 'FastQC (trimmed)'
[2025-01-24 09:54:41,552] multiqc.modules.base_module                        [DEBUG  ]  fastqc/zip - Skipping './fastqc/nIgG_N_R1_2_fastqc.zip' as it didn't match the path_filters for 'FastQC (trimmed)'
[2025-01-24 09:54:41,552] multiqc.modules.base_module                        [DEBUG  ]  fastqc/zip - Skipping './fastqc/H3K27_A_R3_1_fastqc.zip' as it didn't match the path_filters for 'FastQC (trimmed)'
[2025-01-24 09:54:41,552] multiqc.modules.base_module                        [DEBUG  ]  fastqc/zip - Skipping './fastqc/H3K27_N_R2_1_fastqc.zip' as it didn't match the path_filters for 'FastQC (trimmed)'
[2025-01-24 09:54:41,552] multiqc.modules.base_module                        [DEBUG  ]  fastqc/zip - Skipping './fastqc/nH3K4_A_R2_1_fastqc.zip' as it didn't match the path_filters for 'FastQC (trimmed)'
[2025-01-24 09:54:41,552] multiqc.modules.base_module                        [DEBUG  ]  fastqc/zip - Skipping './fastqc/H3K27_N_R1_1_fastqc.zip' as it didn't match the path_filters for 'FastQC (trimmed)'
[2025-01-24 09:54:41,552] multiqc.modules.base_module                        [DEBUG  ]  fastqc/zip - Skipping './fastqc/H3K4_N_R4_2_fastqc.zip' as it didn't match the path_filters for 'FastQC (trimmed)'
[2025-01-24 09:54:41,552] multiqc.modules.base_module                        [DEBUG  ]  fastqc/zip - Skipping './fastqc/nIgG_N_R1_1_fastqc.zip' as it didn't match the path_filters for 'FastQC (trimmed)'
[2025-01-24 09:54:41,552] multiqc.modules.base_module                        [DEBUG  ]  fastqc/zip - Skipping './fastqc/H3K27_A_R3_2_fastqc.zip' as it didn't match the path_filters for 'FastQC (trimmed)'
[2025-01-24 09:54:41,552] multiqc.modules.base_module                        [DEBUG  ]  fastqc/zip - Skipping './fastqc/H3K4_A_R3_1_fastqc.zip' as it didn't match the path_filters for 'FastQC (trimmed)'
[2025-01-24 09:54:41,552] multiqc.modules.base_module                        [DEBUG  ]  fastqc/zip - Skipping './fastqc/H3K4_N_R1_2_fastqc.zip' as it didn't match the path_filters for 'FastQC (trimmed)'
[2025-01-24 09:54:41,552] multiqc.modules.base_module                        [DEBUG  ]  fastqc/zip - Skipping './fastqc/nH3K27_N_R1_2_fastqc.zip' as it didn't match the path_filters for 'FastQC (trimmed)'
[2025-01-24 09:54:41,552] multiqc.modules.base_module                        [DEBUG  ]  fastqc/zip - Skipping './fastqc/nH3K27_N_R2_1_fastqc.zip' as it didn't match the path_filters for 'FastQC (trimmed)'
[2025-01-24 09:54:41,552] multiqc.modules.base_module                        [DEBUG  ]  fastqc/zip - Skipping './fastqc/nH3K4_N_R1_1_fastqc.zip' as it didn't match the path_filters for 'FastQC (trimmed)'
[2025-01-24 09:54:41,552] multiqc.modules.base_module                        [DEBUG  ]  fastqc/zip - Skipping './fastqc/H3K27_N_R3_1_fastqc.zip' as it didn't match the path_filters for 'FastQC (trimmed)'
[2025-01-24 09:54:41,552] multiqc.modules.base_module                        [DEBUG  ]  fastqc/zip - Skipping './fastqc/nH3K27_N_R2_2_fastqc.zip' as it didn't match the path_filters for 'FastQC (trimmed)'
[2025-01-24 09:54:41,552] multiqc.modules.base_module                        [DEBUG  ]  fastqc/zip - Skipping './fastqc/H3K4_N_R2_1_fastqc.zip' as it didn't match the path_filters for 'FastQC (trimmed)'
[2025-01-24 09:54:41,552] multiqc.modules.base_module                        [DEBUG  ]  fastqc/zip - Skipping './fastqc/nH3K4_A_R1_2_fastqc.zip' as it didn't match the path_filters for 'FastQC (trimmed)'
[2025-01-24 09:54:41,552] multiqc.modules.base_module                        [DEBUG  ]  fastqc/zip - Skipping './fastqc/H3K4_A_R1_1_fastqc.zip' as it didn't match the path_filters for 'FastQC (trimmed)'
[2025-01-24 09:54:41,552] multiqc.modules.base_module                        [DEBUG  ]  fastqc/zip - Skipping './fastqc/IgG_A_R1_1_fastqc.zip' as it didn't match the path_filters for 'FastQC (trimmed)'
[2025-01-24 09:54:41,552] multiqc.modules.base_module                        [DEBUG  ]  fastqc/zip - Skipping './fastqc/H3K4_A_R1_2_fastqc.zip' as it didn't match the path_filters for 'FastQC (trimmed)'
[2025-01-24 09:54:41,552] multiqc.modules.base_module                        [DEBUG  ]  fastqc/zip - Skipping './fastqc/H3K4_A_R4_2_fastqc.zip' as it didn't match the path_filters for 'FastQC (trimmed)'
[2025-01-24 09:54:41,553] multiqc.modules.base_module                        [DEBUG  ]  fastqc/zip - Skipping './fastqc/nH3K4_A_R3_1_fastqc.zip' as it didn't match the path_filters for 'FastQC (trimmed)'
[2025-01-24 09:54:41,553] multiqc.modules.base_module                        [DEBUG  ]  fastqc/zip - Skipping './fastqc/nH3K4_N_R1_2_fastqc.zip' as it didn't match the path_filters for 'FastQC (trimmed)'
[2025-01-24 09:54:41,553] multiqc.modules.base_module                        [DEBUG  ]  fastqc/zip - Skipping './fastqc/nH3K27_N_R3_2_fastqc.zip' as it didn't match the path_filters for 'FastQC (trimmed)'
[2025-01-24 09:54:41,553] multiqc.modules.base_module                        [DEBUG  ]  fastqc/zip - Skipping './fastqc/H3K27_A_R1_1_fastqc.zip' as it didn't match the path_filters for 'FastQC (trimmed)'
[2025-01-24 09:54:41,553] multiqc.modules.base_module                        [DEBUG  ]  fastqc/zip - Skipping './fastqc/nH3K27_N_R1_1_fastqc.zip' as it didn't match the path_filters for 'FastQC (trimmed)'
[2025-01-24 09:54:41,553] multiqc.modules.base_module                        [DEBUG  ]  fastqc/zip - Skipping './fastqc/nH3K27_A_R1_1_fastqc.zip' as it didn't match the path_filters for 'FastQC (trimmed)'
[2025-01-24 09:54:41,553] multiqc.modules.base_module                        [DEBUG  ]  fastqc/zip - Skipping './fastqc/nH3K4_A_R3_2_fastqc.zip' as it didn't match the path_filters for 'FastQC (trimmed)'
[2025-01-24 09:54:41,553] multiqc.modules.base_module                        [DEBUG  ]  fastqc/zip - Skipping './fastqc/IgG_A_R1_2_fastqc.zip' as it didn't match the path_filters for 'FastQC (trimmed)'
[2025-01-24 09:54:41,553] multiqc.modules.base_module                        [DEBUG  ]  fastqc/zip - Skipping './fastqc/nH3K27_A_R1_2_fastqc.zip' as it didn't match the path_filters for 'FastQC (trimmed)'
[2025-01-24 09:54:41,553] multiqc.modules.base_module                        [DEBUG  ]  fastqc/zip - Skipping './fastqc/H3K4_A_R3_2_fastqc.zip' as it didn't match the path_filters for 'FastQC (trimmed)'
[2025-01-24 09:54:41,553] multiqc.modules.base_module                        [DEBUG  ]  fastqc/zip - Skipping './fastqc/IgG_N_R1_1_fastqc.zip' as it didn't match the path_filters for 'FastQC (trimmed)'
[2025-01-24 09:54:41,553] multiqc.modules.base_module                        [DEBUG  ]  fastqc/zip - Skipping './fastqc/nH3K4_A_R1_1_fastqc.zip' as it didn't match the path_filters for 'FastQC (trimmed)'
[2025-01-24 09:54:41,553] multiqc.modules.base_module                        [DEBUG  ]  fastqc/zip - Skipping './fastqc/nH3K27_N_R3_1_fastqc.zip' as it didn't match the path_filters for 'FastQC (trimmed)'
[2025-01-24 09:54:41,553] multiqc.modules.base_module                        [DEBUG  ]  fastqc/zip - Skipping './fastqc/H3K27_N_R4_1_fastqc.zip' as it didn't match the path_filters for 'FastQC (trimmed)'
[2025-01-24 09:54:41,553] multiqc.modules.base_module                        [DEBUG  ]  fastqc/zip - Skipping './fastqc/nH3K4_N_R2_2_fastqc.zip' as it didn't match the path_filters for 'FastQC (trimmed)'
[2025-01-24 09:54:41,553] multiqc.modules.base_module                        [DEBUG  ]  fastqc/zip - Skipping './fastqc/nH3K27_A_R2_1_fastqc.zip' as it didn't match the path_filters for 'FastQC (trimmed)'
[2025-01-24 09:54:41,553] multiqc.modules.base_module                        [DEBUG  ]  fastqc/zip - Skipping './fastqc/H3K4_A_R2_2_fastqc.zip' as it didn't match the path_filters for 'FastQC (trimmed)'
[2025-01-24 09:54:41,553] multiqc.modules.base_module                        [DEBUG  ]  fastqc/zip - Skipping './fastqc/H3K27_N_R2_2_fastqc.zip' as it didn't match the path_filters for 'FastQC (trimmed)'
[2025-01-24 09:54:41,553] multiqc.modules.base_module                        [DEBUG  ]  fastqc/zip - Skipping './fastqc/H3K4_A_R4_1_fastqc.zip' as it didn't match the path_filters for 'FastQC (trimmed)'
[2025-01-24 09:54:41,553] multiqc.modules.base_module                        [DEBUG  ]  fastqc/zip - Skipping './fastqc/nIgG_A_R1_1_fastqc.zip' as it didn't match the path_filters for 'FastQC (trimmed)'
[2025-01-24 09:54:41,553] multiqc.modules.base_module                        [DEBUG  ]  fastqc/zip - Skipping './fastqc/H3K27_N_R3_2_fastqc.zip' as it didn't match the path_filters for 'FastQC (trimmed)'
[2025-01-24 09:54:41,553] multiqc.modules.base_module                        [DEBUG  ]  fastqc/zip - Skipping './fastqc/H3K4_N_R3_2_fastqc.zip' as it didn't match the path_filters for 'FastQC (trimmed)'
[2025-01-24 09:54:41,553] multiqc.modules.base_module                        [DEBUG  ]  fastqc/zip - Skipping './fastqc/nH3K27_A_R3_2_fastqc.zip' as it didn't match the path_filters for 'FastQC (trimmed)'
[2025-01-24 09:54:41,553] multiqc.modules.base_module                        [DEBUG  ]  fastqc/zip - Skipping './fastqc/nH3K27_A_R2_2_fastqc.zip' as it didn't match the path_filters for 'FastQC (trimmed)'
[2025-01-24 09:54:41,553] multiqc.modules.base_module                        [DEBUG  ]  fastqc/zip - Skipping './fastqc/nH3K4_N_R3_1_fastqc.zip' as it didn't match the path_filters for 'FastQC (trimmed)'
[2025-01-24 09:54:41,554] multiqc.modules.base_module                        [DEBUG  ]  fastqc/zip - Skipping './fastqc/H3K27_N_R4_2_fastqc.zip' as it didn't match the path_filters for 'FastQC (trimmed)'
[2025-01-24 09:54:41,554] multiqc.modules.base_module                        [DEBUG  ]  fastqc/zip - Skipping './fastqc/H3K4_A_R2_1_fastqc.zip' as it didn't match the path_filters for 'FastQC (trimmed)'
[2025-01-24 09:54:41,554] multiqc.modules.base_module                        [DEBUG  ]  fastqc/zip - Skipping './fastqc/nIgG_A_R1_2_fastqc.zip' as it didn't match the path_filters for 'FastQC (trimmed)'
[2025-01-24 09:54:41,554] multiqc.modules.base_module                        [DEBUG  ]  fastqc/zip - Skipping './fastqc/H3K27_A_R1_2_fastqc.zip' as it didn't match the path_filters for 'FastQC (trimmed)'
[2025-01-24 09:54:41,554] multiqc.modules.base_module                        [DEBUG  ]  fastqc/zip - Skipping './fastqc/nH3K4_N_R2_1_fastqc.zip' as it didn't match the path_filters for 'FastQC (trimmed)'
[2025-01-24 09:54:41,554] multiqc.modules.base_module                        [DEBUG  ]  fastqc/zip - Skipping './fastqc/nH3K4_N_R3_2_fastqc.zip' as it didn't match the path_filters for 'FastQC (trimmed)'
[2025-01-24 09:54:41,554] multiqc.modules.base_module                        [DEBUG  ]  fastqc/zip - Skipping './fastqc/H3K4_N_R4_1_fastqc.zip' as it didn't match the path_filters for 'FastQC (trimmed)'
[2025-01-24 09:54:41,554] multiqc.modules.base_module                        [DEBUG  ]  fastqc/zip - Selecting './trimgalore/fastqc/nH3K4_N_R3_1.trimmed_fastqc.zip' as it matched the path_filters for 'FastQC (trimmed)'
[2025-01-24 09:54:41,643] multiqc.modules.base_module                        [DEBUG  ]  fastqc/zip - Selecting './trimgalore/fastqc/IgG_N_R1_2.trimmed_fastqc.zip' as it matched the path_filters for 'FastQC (trimmed)'
[2025-01-24 09:54:41,707] multiqc.modules.base_module                        [DEBUG  ]  fastqc/zip - Selecting './trimgalore/fastqc/H3K27_A_R3_2.trimmed_fastqc.zip' as it matched the path_filters for 'FastQC (trimmed)'
[2025-01-24 09:54:41,735] multiqc.modules.base_module                        [DEBUG  ]  fastqc/zip - Selecting './trimgalore/fastqc/H3K4_A_R4_1.trimmed_fastqc.zip' as it matched the path_filters for 'FastQC (trimmed)'
[2025-01-24 09:54:41,795] multiqc.modules.base_module                        [DEBUG  ]  fastqc/zip - Selecting './trimgalore/fastqc/nIgG_A_R1_2.trimmed_fastqc.zip' as it matched the path_filters for 'FastQC (trimmed)'
[2025-01-24 09:54:41,822] multiqc.modules.base_module                        [DEBUG  ]  fastqc/zip - Selecting './trimgalore/fastqc/nH3K4_N_R2_2.trimmed_fastqc.zip' as it matched the path_filters for 'FastQC (trimmed)'
[2025-01-24 09:54:41,893] multiqc.modules.base_module                        [DEBUG  ]  fastqc/zip - Selecting './trimgalore/fastqc/nH3K27_A_R3_2.trimmed_fastqc.zip' as it matched the path_filters for 'FastQC (trimmed)'
[2025-01-24 09:54:41,918] multiqc.modules.base_module                        [DEBUG  ]  fastqc/zip - Selecting './trimgalore/fastqc/H3K27_N_R3_2.trimmed_fastqc.zip' as it matched the path_filters for 'FastQC (trimmed)'
[2025-01-24 09:54:41,943] multiqc.modules.base_module                        [DEBUG  ]  fastqc/zip - Selecting './trimgalore/fastqc/IgG_A_R1_2.trimmed_fastqc.zip' as it matched the path_filters for 'FastQC (trimmed)'
[2025-01-24 09:54:42,006] multiqc.modules.base_module                        [DEBUG  ]  fastqc/zip - Selecting './trimgalore/fastqc/H3K27_N_R3_1.trimmed_fastqc.zip' as it matched the path_filters for 'FastQC (trimmed)'
[2025-01-24 09:54:42,070] multiqc.modules.base_module                        [DEBUG  ]  fastqc/zip - Selecting './trimgalore/fastqc/nH3K27_N_R2_1.trimmed_fastqc.zip' as it matched the path_filters for 'FastQC (trimmed)'
[2025-01-24 09:54:42,096] multiqc.modules.base_module                        [DEBUG  ]  fastqc/zip - Selecting './trimgalore/fastqc/nH3K4_A_R1_1.trimmed_fastqc.zip' as it matched the path_filters for 'FastQC (trimmed)'
[2025-01-24 09:54:42,123] multiqc.modules.base_module                        [DEBUG  ]  fastqc/zip - Selecting './trimgalore/fastqc/H3K4_A_R3_1.trimmed_fastqc.zip' as it matched the path_filters for 'FastQC (trimmed)'
[2025-01-24 09:54:42,270] multiqc.modules.base_module                        [DEBUG  ]  fastqc/zip - Selecting './trimgalore/fastqc/H3K27_A_R1_1.trimmed_fastqc.zip' as it matched the path_filters for 'FastQC (trimmed)'
[2025-01-24 09:54:42,317] multiqc.modules.base_module                        [DEBUG  ]  fastqc/zip - Selecting './trimgalore/fastqc/H3K4_N_R1_2.trimmed_fastqc.zip' as it matched the path_filters for 'FastQC (trimmed)'
[2025-01-24 09:54:42,392] multiqc.modules.base_module                        [DEBUG  ]  fastqc/zip - Selecting './trimgalore/fastqc/H3K27_N_R4_2.trimmed_fastqc.zip' as it matched the path_filters for 'FastQC (trimmed)'
[2025-01-24 09:54:42,459] multiqc.modules.base_module                        [DEBUG  ]  fastqc/zip - Selecting './trimgalore/fastqc/nH3K4_N_R3_2.trimmed_fastqc.zip' as it matched the path_filters for 'FastQC (trimmed)'
[2025-01-24 09:54:42,486] multiqc.modules.base_module                        [DEBUG  ]  fastqc/zip - Selecting './trimgalore/fastqc/H3K27_N_R1_2.trimmed_fastqc.zip' as it matched the path_filters for 'FastQC (trimmed)'
[2025-01-24 09:54:42,547] multiqc.modules.base_module                        [DEBUG  ]  fastqc/zip - Selecting './trimgalore/fastqc/H3K4_N_R4_2.trimmed_fastqc.zip' as it matched the path_filters for 'FastQC (trimmed)'
[2025-01-24 09:54:42,613] multiqc.modules.base_module                        [DEBUG  ]  fastqc/zip - Selecting './trimgalore/fastqc/nH3K27_N_R1_1.trimmed_fastqc.zip' as it matched the path_filters for 'FastQC (trimmed)'
[2025-01-24 09:54:42,659] multiqc.modules.base_module                        [DEBUG  ]  fastqc/zip - Selecting './trimgalore/fastqc/nH3K27_A_R2_1.trimmed_fastqc.zip' as it matched the path_filters for 'FastQC (trimmed)'
[2025-01-24 09:54:42,712] multiqc.modules.base_module                        [DEBUG  ]  fastqc/zip - Selecting './trimgalore/fastqc/nH3K27_A_R2_2.trimmed_fastqc.zip' as it matched the path_filters for 'FastQC (trimmed)'
[2025-01-24 09:54:42,772] multiqc.modules.base_module                        [DEBUG  ]  fastqc/zip - Selecting './trimgalore/fastqc/nH3K27_N_R1_2.trimmed_fastqc.zip' as it matched the path_filters for 'FastQC (trimmed)'
[2025-01-24 09:54:42,839] multiqc.modules.base_module                        [DEBUG  ]  fastqc/zip - Selecting './trimgalore/fastqc/H3K4_N_R2_2.trimmed_fastqc.zip' as it matched the path_filters for 'FastQC (trimmed)'
[2025-01-24 09:54:42,866] multiqc.modules.base_module                        [DEBUG  ]  fastqc/zip - Selecting './trimgalore/fastqc/nH3K27_A_R1_1.trimmed_fastqc.zip' as it matched the path_filters for 'FastQC (trimmed)'
[2025-01-24 09:54:42,893] multiqc.modules.base_module                        [DEBUG  ]  fastqc/zip - Selecting './trimgalore/fastqc/nH3K4_N_R2_1.trimmed_fastqc.zip' as it matched the path_filters for 'FastQC (trimmed)'
[2025-01-24 09:54:42,968] multiqc.modules.base_module                        [DEBUG  ]  fastqc/zip - Selecting './trimgalore/fastqc/nH3K27_A_R3_1.trimmed_fastqc.zip' as it matched the path_filters for 'FastQC (trimmed)'
[2025-01-24 09:54:43,024] multiqc.modules.base_module                        [DEBUG  ]  fastqc/zip - Selecting './trimgalore/fastqc/IgG_A_R1_1.trimmed_fastqc.zip' as it matched the path_filters for 'FastQC (trimmed)'
[2025-01-24 09:54:43,047] multiqc.modules.base_module                        [DEBUG  ]  fastqc/zip - Selecting './trimgalore/fastqc/nH3K4_A_R2_1.trimmed_fastqc.zip' as it matched the path_filters for 'FastQC (trimmed)'
[2025-01-24 09:54:43,134] multiqc.modules.base_module                        [DEBUG  ]  fastqc/zip - Selecting './trimgalore/fastqc/H3K4_A_R1_1.trimmed_fastqc.zip' as it matched the path_filters for 'FastQC (trimmed)'
[2025-01-24 09:54:43,159] multiqc.modules.base_module                        [DEBUG  ]  fastqc/zip - Selecting './trimgalore/fastqc/H3K27_A_R3_1.trimmed_fastqc.zip' as it matched the path_filters for 'FastQC (trimmed)'
[2025-01-24 09:54:43,177] multiqc.modules.base_module                        [DEBUG  ]  fastqc/zip - Selecting './trimgalore/fastqc/H3K4_N_R4_1.trimmed_fastqc.zip' as it matched the path_filters for 'FastQC (trimmed)'
[2025-01-24 09:54:43,230] multiqc.modules.base_module                        [DEBUG  ]  fastqc/zip - Selecting './trimgalore/fastqc/H3K27_A_R2_2.trimmed_fastqc.zip' as it matched the path_filters for 'FastQC (trimmed)'
[2025-01-24 09:54:43,316] multiqc.modules.base_module                        [DEBUG  ]  fastqc/zip - Selecting './trimgalore/fastqc/nH3K27_N_R2_2.trimmed_fastqc.zip' as it matched the path_filters for 'FastQC (trimmed)'
[2025-01-24 09:54:43,418] multiqc.modules.base_module                        [DEBUG  ]  fastqc/zip - Selecting './trimgalore/fastqc/H3K4_A_R4_2.trimmed_fastqc.zip' as it matched the path_filters for 'FastQC (trimmed)'
[2025-01-24 09:54:43,446] multiqc.modules.base_module                        [DEBUG  ]  fastqc/zip - Selecting './trimgalore/fastqc/nH3K4_A_R3_2.trimmed_fastqc.zip' as it matched the path_filters for 'FastQC (trimmed)'
[2025-01-24 09:54:43,514] multiqc.modules.base_module                        [DEBUG  ]  fastqc/zip - Selecting './trimgalore/fastqc/H3K4_N_R1_1.trimmed_fastqc.zip' as it matched the path_filters for 'FastQC (trimmed)'
[2025-01-24 09:54:43,542] multiqc.modules.base_module                        [DEBUG  ]  fastqc/zip - Selecting './trimgalore/fastqc/nIgG_N_R1_1.trimmed_fastqc.zip' as it matched the path_filters for 'FastQC (trimmed)'
[2025-01-24 09:54:43,606] multiqc.modules.base_module                        [DEBUG  ]  fastqc/zip - Selecting './trimgalore/fastqc/nH3K4_A_R2_2.trimmed_fastqc.zip' as it matched the path_filters for 'FastQC (trimmed)'
[2025-01-24 09:54:43,676] multiqc.modules.base_module                        [DEBUG  ]  fastqc/zip - Selecting './trimgalore/fastqc/H3K4_A_R1_2.trimmed_fastqc.zip' as it matched the path_filters for 'FastQC (trimmed)'
[2025-01-24 09:54:43,699] multiqc.modules.base_module                        [DEBUG  ]  fastqc/zip - Selecting './trimgalore/fastqc/H3K27_A_R4_2.trimmed_fastqc.zip' as it matched the path_filters for 'FastQC (trimmed)'
[2025-01-24 09:54:43,755] multiqc.modules.base_module                        [DEBUG  ]  fastqc/zip - Selecting './trimgalore/fastqc/H3K4_A_R2_1.trimmed_fastqc.zip' as it matched the path_filters for 'FastQC (trimmed)'
[2025-01-24 09:54:43,782] multiqc.modules.base_module                        [DEBUG  ]  fastqc/zip - Selecting './trimgalore/fastqc/H3K27_N_R1_1.trimmed_fastqc.zip' as it matched the path_filters for 'FastQC (trimmed)'
[2025-01-24 09:54:43,807] multiqc.modules.base_module                        [DEBUG  ]  fastqc/zip - Selecting './trimgalore/fastqc/nH3K4_N_R1_2.trimmed_fastqc.zip' as it matched the path_filters for 'FastQC (trimmed)'
[2025-01-24 09:54:43,847] multiqc.modules.base_module                        [DEBUG  ]  fastqc/zip - Selecting './trimgalore/fastqc/H3K27_N_R4_1.trimmed_fastqc.zip' as it matched the path_filters for 'FastQC (trimmed)'
[2025-01-24 09:54:43,903] multiqc.modules.base_module                        [DEBUG  ]  fastqc/zip - Selecting './trimgalore/fastqc/H3K27_A_R2_1.trimmed_fastqc.zip' as it matched the path_filters for 'FastQC (trimmed)'
[2025-01-24 09:54:43,929] multiqc.modules.base_module                        [DEBUG  ]  fastqc/zip - Selecting './trimgalore/fastqc/H3K4_N_R2_1.trimmed_fastqc.zip' as it matched the path_filters for 'FastQC (trimmed)'
[2025-01-24 09:54:44,006] multiqc.modules.base_module                        [DEBUG  ]  fastqc/zip - Selecting './trimgalore/fastqc/H3K27_N_R2_1.trimmed_fastqc.zip' as it matched the path_filters for 'FastQC (trimmed)'
[2025-01-24 09:54:44,035] multiqc.modules.base_module                        [DEBUG  ]  fastqc/zip - Selecting './trimgalore/fastqc/nH3K4_A_R3_1.trimmed_fastqc.zip' as it matched the path_filters for 'FastQC (trimmed)'
[2025-01-24 09:54:44,066] multiqc.modules.base_module                        [DEBUG  ]  fastqc/zip - Selecting './trimgalore/fastqc/nIgG_N_R1_2.trimmed_fastqc.zip' as it matched the path_filters for 'FastQC (trimmed)'
[2025-01-24 09:54:44,130] multiqc.modules.base_module                        [DEBUG  ]  fastqc/zip - Selecting './trimgalore/fastqc/nH3K27_A_R1_2.trimmed_fastqc.zip' as it matched the path_filters for 'FastQC (trimmed)'
[2025-01-24 09:54:44,158] multiqc.modules.base_module                        [DEBUG  ]  fastqc/zip - Selecting './trimgalore/fastqc/nH3K4_A_R1_2.trimmed_fastqc.zip' as it matched the path_filters for 'FastQC (trimmed)'
[2025-01-24 09:54:44,221] multiqc.modules.base_module                        [DEBUG  ]  fastqc/zip - Selecting './trimgalore/fastqc/nH3K27_N_R3_2.trimmed_fastqc.zip' as it matched the path_filters for 'FastQC (trimmed)'
[2025-01-24 09:54:44,301] multiqc.modules.base_module                        [DEBUG  ]  fastqc/zip - Selecting './trimgalore/fastqc/H3K4_N_R3_1.trimmed_fastqc.zip' as it matched the path_filters for 'FastQC (trimmed)'
[2025-01-24 09:54:44,329] multiqc.modules.base_module                        [DEBUG  ]  fastqc/zip - Selecting './trimgalore/fastqc/nH3K27_N_R3_1.trimmed_fastqc.zip' as it matched the path_filters for 'FastQC (trimmed)'
[2025-01-24 09:54:44,356] multiqc.modules.base_module                        [DEBUG  ]  fastqc/zip - Selecting './trimgalore/fastqc/H3K27_N_R2_2.trimmed_fastqc.zip' as it matched the path_filters for 'FastQC (trimmed)'
[2025-01-24 09:54:44,432] multiqc.modules.base_module                        [DEBUG  ]  fastqc/zip - Selecting './trimgalore/fastqc/H3K27_A_R4_1.trimmed_fastqc.zip' as it matched the path_filters for 'FastQC (trimmed)'
[2025-01-24 09:54:44,487] multiqc.modules.base_module                        [DEBUG  ]  fastqc/zip - Selecting './trimgalore/fastqc/IgG_N_R1_1.trimmed_fastqc.zip' as it matched the path_filters for 'FastQC (trimmed)'
[2025-01-24 09:54:44,513] multiqc.modules.base_module                        [DEBUG  ]  fastqc/zip - Selecting './trimgalore/fastqc/H3K27_A_R1_2.trimmed_fastqc.zip' as it matched the path_filters for 'FastQC (trimmed)'
[2025-01-24 09:54:44,540] multiqc.modules.base_module                        [DEBUG  ]  fastqc/zip - Selecting './trimgalore/fastqc/H3K4_N_R3_2.trimmed_fastqc.zip' as it matched the path_filters for 'FastQC (trimmed)'
[2025-01-24 09:54:44,567] multiqc.modules.base_module                        [DEBUG  ]  fastqc/zip - Selecting './trimgalore/fastqc/nH3K4_N_R1_1.trimmed_fastqc.zip' as it matched the path_filters for 'FastQC (trimmed)'
[2025-01-24 09:54:44,609] multiqc.modules.base_module                        [DEBUG  ]  fastqc/zip - Selecting './trimgalore/fastqc/H3K4_A_R2_2.trimmed_fastqc.zip' as it matched the path_filters for 'FastQC (trimmed)'
[2025-01-24 09:54:44,672] multiqc.modules.base_module                        [DEBUG  ]  fastqc/zip - Selecting './trimgalore/fastqc/nIgG_A_R1_1.trimmed_fastqc.zip' as it matched the path_filters for 'FastQC (trimmed)'
[2025-01-24 09:54:44,736] multiqc.modules.base_module                        [DEBUG  ]  fastqc/zip - Selecting './trimgalore/fastqc/H3K4_A_R3_2.trimmed_fastqc.zip' as it matched the path_filters for 'FastQC (trimmed)'
[2025-01-24 09:54:44,793] multiqc.modules.fastqc.fastqc                      [INFO   ]  Found 64 reports
[2025-01-24 09:54:53,741] multiqc.modules.base_module                        [DEBUG  ]  bowtie2 - Selecting './bowtie2/nH3K27_A_R3.bowtie2.log' as it matched the path_filters for 'Bowtie2 (target)'
[2025-01-24 09:54:53,749] multiqc.modules.base_module                        [DEBUG  ]  bowtie2 - Selecting './bowtie2/H3K27_A_R1.bowtie2.log' as it matched the path_filters for 'Bowtie2 (target)'
[2025-01-24 09:54:53,754] multiqc.modules.base_module                        [DEBUG  ]  bowtie2 - Selecting './bowtie2/nH3K4_A_R2.bowtie2.log' as it matched the path_filters for 'Bowtie2 (target)'
[2025-01-24 09:54:53,759] multiqc.modules.base_module                        [DEBUG  ]  bowtie2 - Selecting './bowtie2/H3K27_A_R2.bowtie2.log' as it matched the path_filters for 'Bowtie2 (target)'
[2025-01-24 09:54:53,763] multiqc.modules.base_module                        [DEBUG  ]  bowtie2 - Selecting './bowtie2/H3K27_A_R3.bowtie2.log' as it matched the path_filters for 'Bowtie2 (target)'
[2025-01-24 09:54:53,768] multiqc.modules.base_module                        [DEBUG  ]  bowtie2 - Selecting './bowtie2/nH3K27_N_R1.bowtie2.log' as it matched the path_filters for 'Bowtie2 (target)'
[2025-01-24 09:54:53,772] multiqc.modules.base_module                        [DEBUG  ]  bowtie2 - Selecting './bowtie2/H3K27_N_R3.bowtie2.log' as it matched the path_filters for 'Bowtie2 (target)'
[2025-01-24 09:54:53,777] multiqc.modules.base_module                        [DEBUG  ]  bowtie2 - Selecting './bowtie2/nH3K27_A_R2.bowtie2.log' as it matched the path_filters for 'Bowtie2 (target)'
[2025-01-24 09:54:53,781] multiqc.modules.base_module                        [DEBUG  ]  bowtie2 - Selecting './bowtie2/nH3K27_N_R3.bowtie2.log' as it matched the path_filters for 'Bowtie2 (target)'
[2025-01-24 09:54:53,786] multiqc.modules.base_module                        [DEBUG  ]  bowtie2 - Selecting './bowtie2/H3K4_N_R1.bowtie2.log' as it matched the path_filters for 'Bowtie2 (target)'
[2025-01-24 09:54:53,791] multiqc.modules.base_module                        [DEBUG  ]  bowtie2 - Selecting './bowtie2/nH3K4_N_R1.bowtie2.log' as it matched the path_filters for 'Bowtie2 (target)'
[2025-01-24 09:54:53,794] multiqc.modules.base_module                        [DEBUG  ]  bowtie2 - Selecting './bowtie2/nH3K27_A_R1.bowtie2.log' as it matched the path_filters for 'Bowtie2 (target)'
[2025-01-24 09:54:53,799] multiqc.modules.base_module                        [DEBUG  ]  bowtie2 - Selecting './bowtie2/H3K4_N_R2.bowtie2.log' as it matched the path_filters for 'Bowtie2 (target)'
[2025-01-24 09:54:53,803] multiqc.modules.base_module                        [DEBUG  ]  bowtie2 - Selecting './bowtie2/H3K4_A_R4.bowtie2.log' as it matched the path_filters for 'Bowtie2 (target)'
[2025-01-24 09:54:53,808] multiqc.modules.base_module                        [DEBUG  ]  bowtie2 - Selecting './bowtie2/H3K4_A_R3.bowtie2.log' as it matched the path_filters for 'Bowtie2 (target)'
[2025-01-24 09:54:53,812] multiqc.modules.base_module                        [DEBUG  ]  bowtie2 - Selecting './bowtie2/nH3K4_A_R1.bowtie2.log' as it matched the path_filters for 'Bowtie2 (target)'
[2025-01-24 09:54:53,816] multiqc.modules.base_module                        [DEBUG  ]  bowtie2 - Selecting './bowtie2/H3K27_N_R4.bowtie2.log' as it matched the path_filters for 'Bowtie2 (target)'
[2025-01-24 09:54:53,820] multiqc.modules.base_module                        [DEBUG  ]  bowtie2 - Selecting './bowtie2/IgG_A_R1.bowtie2.log' as it matched the path_filters for 'Bowtie2 (target)'
[2025-01-24 09:54:53,825] multiqc.modules.base_module                        [DEBUG  ]  bowtie2 - Selecting './bowtie2/H3K27_A_R4.bowtie2.log' as it matched the path_filters for 'Bowtie2 (target)'
[2025-01-24 09:54:53,829] multiqc.modules.base_module                        [DEBUG  ]  bowtie2 - Selecting './bowtie2/nIgG_N_R1.bowtie2.log' as it matched the path_filters for 'Bowtie2 (target)'
[2025-01-24 09:54:53,834] multiqc.modules.base_module                        [DEBUG  ]  bowtie2 - Selecting './bowtie2/nIgG_A_R1.bowtie2.log' as it matched the path_filters for 'Bowtie2 (target)'
[2025-01-24 09:54:53,839] multiqc.modules.base_module                        [DEBUG  ]  bowtie2 - Selecting './bowtie2/H3K4_A_R2.bowtie2.log' as it matched the path_filters for 'Bowtie2 (target)'
[2025-01-24 09:54:53,843] multiqc.modules.base_module                        [DEBUG  ]  bowtie2 - Selecting './bowtie2/H3K27_N_R2.bowtie2.log' as it matched the path_filters for 'Bowtie2 (target)'
[2025-01-24 09:54:53,848] multiqc.modules.base_module                        [DEBUG  ]  bowtie2 - Selecting './bowtie2/nH3K4_N_R3.bowtie2.log' as it matched the path_filters for 'Bowtie2 (target)'
[2025-01-24 09:54:53,852] multiqc.modules.base_module                        [DEBUG  ]  bowtie2 - Selecting './bowtie2/IgG_N_R1.bowtie2.log' as it matched the path_filters for 'Bowtie2 (target)'
[2025-01-24 09:54:53,857] multiqc.modules.base_module                        [DEBUG  ]  bowtie2 - Selecting './bowtie2/H3K27_N_R1.bowtie2.log' as it matched the path_filters for 'Bowtie2 (target)'
[2025-01-24 09:54:53,861] multiqc.modules.base_module                        [DEBUG  ]  bowtie2 - Selecting './bowtie2/H3K4_A_R1.bowtie2.log' as it matched the path_filters for 'Bowtie2 (target)'
[2025-01-24 09:54:53,865] multiqc.modules.base_module                        [DEBUG  ]  bowtie2 - Selecting './bowtie2/nH3K27_N_R2.bowtie2.log' as it matched the path_filters for 'Bowtie2 (target)'
[2025-01-24 09:54:53,869] multiqc.modules.base_module                        [DEBUG  ]  bowtie2 - Selecting './bowtie2/H3K4_N_R4.bowtie2.log' as it matched the path_filters for 'Bowtie2 (target)'
[2025-01-24 09:54:53,873] multiqc.modules.base_module                        [DEBUG  ]  bowtie2 - Selecting './bowtie2/nH3K4_N_R2.bowtie2.log' as it matched the path_filters for 'Bowtie2 (target)'
[2025-01-24 09:54:53,878] multiqc.modules.base_module                        [DEBUG  ]  bowtie2 - Selecting './bowtie2/H3K4_N_R3.bowtie2.log' as it matched the path_filters for 'Bowtie2 (target)'
[2025-01-24 09:54:53,882] multiqc.modules.base_module                        [DEBUG  ]  bowtie2 - Selecting './bowtie2/nH3K4_A_R3.bowtie2.log' as it matched the path_filters for 'Bowtie2 (target)'
[2025-01-24 09:54:53,887] multiqc.modules.bowtie2.bowtie2                    [INFO   ]  Found 32 reports
[2025-01-24 09:54:55,674] multiqc.modules.base_module                        [DEBUG  ]  bowtie2 - Skipping './bowtie2/nH3K27_A_R3.bowtie2.log' as it didn't match the path_filters for 'Bowtie2 (spike-in)'
[2025-01-24 09:54:55,675] multiqc.modules.base_module                        [DEBUG  ]  bowtie2 - Skipping './bowtie2/H3K27_A_R1.bowtie2.log' as it didn't match the path_filters for 'Bowtie2 (spike-in)'
[2025-01-24 09:54:55,675] multiqc.modules.base_module                        [DEBUG  ]  bowtie2 - Skipping './bowtie2/nH3K4_A_R2.bowtie2.log' as it didn't match the path_filters for 'Bowtie2 (spike-in)'
[2025-01-24 09:54:55,675] multiqc.modules.base_module                        [DEBUG  ]  bowtie2 - Skipping './bowtie2/H3K27_A_R2.bowtie2.log' as it didn't match the path_filters for 'Bowtie2 (spike-in)'
[2025-01-24 09:54:55,675] multiqc.modules.base_module                        [DEBUG  ]  bowtie2 - Skipping './bowtie2/H3K27_A_R3.bowtie2.log' as it didn't match the path_filters for 'Bowtie2 (spike-in)'
[2025-01-24 09:54:55,675] multiqc.modules.base_module                        [DEBUG  ]  bowtie2 - Skipping './bowtie2/nH3K27_N_R1.bowtie2.log' as it didn't match the path_filters for 'Bowtie2 (spike-in)'
[2025-01-24 09:54:55,675] multiqc.modules.base_module                        [DEBUG  ]  bowtie2 - Skipping './bowtie2/H3K27_N_R3.bowtie2.log' as it didn't match the path_filters for 'Bowtie2 (spike-in)'
[2025-01-24 09:54:55,675] multiqc.modules.base_module                        [DEBUG  ]  bowtie2 - Skipping './bowtie2/nH3K27_A_R2.bowtie2.log' as it didn't match the path_filters for 'Bowtie2 (spike-in)'
[2025-01-24 09:54:55,675] multiqc.modules.base_module                        [DEBUG  ]  bowtie2 - Skipping './bowtie2/nH3K27_N_R3.bowtie2.log' as it didn't match the path_filters for 'Bowtie2 (spike-in)'
[2025-01-24 09:54:55,675] multiqc.modules.base_module                        [DEBUG  ]  bowtie2 - Skipping './bowtie2/H3K4_N_R1.bowtie2.log' as it didn't match the path_filters for 'Bowtie2 (spike-in)'
[2025-01-24 09:54:55,675] multiqc.modules.base_module                        [DEBUG  ]  bowtie2 - Skipping './bowtie2/nH3K4_N_R1.bowtie2.log' as it didn't match the path_filters for 'Bowtie2 (spike-in)'
[2025-01-24 09:54:55,675] multiqc.modules.base_module                        [DEBUG  ]  bowtie2 - Skipping './bowtie2/nH3K27_A_R1.bowtie2.log' as it didn't match the path_filters for 'Bowtie2 (spike-in)'
[2025-01-24 09:54:55,675] multiqc.modules.base_module                        [DEBUG  ]  bowtie2 - Skipping './bowtie2/H3K4_N_R2.bowtie2.log' as it didn't match the path_filters for 'Bowtie2 (spike-in)'
[2025-01-24 09:54:55,675] multiqc.modules.base_module                        [DEBUG  ]  bowtie2 - Skipping './bowtie2/H3K4_A_R4.bowtie2.log' as it didn't match the path_filters for 'Bowtie2 (spike-in)'
[2025-01-24 09:54:55,675] multiqc.modules.base_module                        [DEBUG  ]  bowtie2 - Skipping './bowtie2/H3K4_A_R3.bowtie2.log' as it didn't match the path_filters for 'Bowtie2 (spike-in)'
[2025-01-24 09:54:55,675] multiqc.modules.base_module                        [DEBUG  ]  bowtie2 - Skipping './bowtie2/nH3K4_A_R1.bowtie2.log' as it didn't match the path_filters for 'Bowtie2 (spike-in)'
[2025-01-24 09:54:55,675] multiqc.modules.base_module                        [DEBUG  ]  bowtie2 - Skipping './bowtie2/H3K27_N_R4.bowtie2.log' as it didn't match the path_filters for 'Bowtie2 (spike-in)'
[2025-01-24 09:54:55,675] multiqc.modules.base_module                        [DEBUG  ]  bowtie2 - Skipping './bowtie2/IgG_A_R1.bowtie2.log' as it didn't match the path_filters for 'Bowtie2 (spike-in)'
[2025-01-24 09:54:55,675] multiqc.modules.base_module                        [DEBUG  ]  bowtie2 - Skipping './bowtie2/H3K27_A_R4.bowtie2.log' as it didn't match the path_filters for 'Bowtie2 (spike-in)'
[2025-01-24 09:54:55,675] multiqc.modules.base_module                        [DEBUG  ]  bowtie2 - Skipping './bowtie2/nIgG_N_R1.bowtie2.log' as it didn't match the path_filters for 'Bowtie2 (spike-in)'
[2025-01-24 09:54:55,675] multiqc.modules.base_module                        [DEBUG  ]  bowtie2 - Skipping './bowtie2/nIgG_A_R1.bowtie2.log' as it didn't match the path_filters for 'Bowtie2 (spike-in)'
[2025-01-24 09:54:55,675] multiqc.modules.base_module                        [DEBUG  ]  bowtie2 - Skipping './bowtie2/H3K4_A_R2.bowtie2.log' as it didn't match the path_filters for 'Bowtie2 (spike-in)'
[2025-01-24 09:54:55,675] multiqc.modules.base_module                        [DEBUG  ]  bowtie2 - Skipping './bowtie2/H3K27_N_R2.bowtie2.log' as it didn't match the path_filters for 'Bowtie2 (spike-in)'
[2025-01-24 09:54:55,675] multiqc.modules.base_module                        [DEBUG  ]  bowtie2 - Skipping './bowtie2/nH3K4_N_R3.bowtie2.log' as it didn't match the path_filters for 'Bowtie2 (spike-in)'
[2025-01-24 09:54:55,675] multiqc.modules.base_module                        [DEBUG  ]  bowtie2 - Skipping './bowtie2/IgG_N_R1.bowtie2.log' as it didn't match the path_filters for 'Bowtie2 (spike-in)'
[2025-01-24 09:54:55,675] multiqc.modules.base_module                        [DEBUG  ]  bowtie2 - Skipping './bowtie2/H3K27_N_R1.bowtie2.log' as it didn't match the path_filters for 'Bowtie2 (spike-in)'
[2025-01-24 09:54:55,676] multiqc.modules.base_module                        [DEBUG  ]  bowtie2 - Skipping './bowtie2/H3K4_A_R1.bowtie2.log' as it didn't match the path_filters for 'Bowtie2 (spike-in)'
[2025-01-24 09:54:55,676] multiqc.modules.base_module                        [DEBUG  ]  bowtie2 - Skipping './bowtie2/nH3K27_N_R2.bowtie2.log' as it didn't match the path_filters for 'Bowtie2 (spike-in)'
[2025-01-24 09:54:55,676] multiqc.modules.base_module                        [DEBUG  ]  bowtie2 - Skipping './bowtie2/H3K4_N_R4.bowtie2.log' as it didn't match the path_filters for 'Bowtie2 (spike-in)'
[2025-01-24 09:54:55,676] multiqc.modules.base_module                        [DEBUG  ]  bowtie2 - Skipping './bowtie2/nH3K4_N_R2.bowtie2.log' as it didn't match the path_filters for 'Bowtie2 (spike-in)'
[2025-01-24 09:54:55,676] multiqc.modules.base_module                        [DEBUG  ]  bowtie2 - Skipping './bowtie2/H3K4_N_R3.bowtie2.log' as it didn't match the path_filters for 'Bowtie2 (spike-in)'
[2025-01-24 09:54:55,676] multiqc.modules.base_module                        [DEBUG  ]  bowtie2 - Skipping './bowtie2/nH3K4_A_R3.bowtie2.log' as it didn't match the path_filters for 'Bowtie2 (spike-in)'
[2025-01-24 09:54:55,676] multiqc                                            [DEBUG  ]  No samples found: bowtie2
[2025-01-24 09:54:56,507] multiqc.modules.samtools.samtools                  [INFO   ]  Found 4 stats reports
[2025-01-24 09:54:56,534] multiqc.modules.samtools.samtools                  [INFO   ]  Found 4 flagstat reports
[2025-01-24 09:55:00,173] multiqc.modules.samtools.samtools                  [INFO   ]  Found 4 idxstats reports
[2025-01-24 09:55:00,772] multiqc.modules.preseq.preseq                      [INFO   ]  Found 32 reports
[2025-01-24 09:55:18,009] multiqc.modules.picard.picard                      [INFO   ]  Found 32 MarkDuplicates reports
[2025-01-24 09:55:18,028] multiqc.modules.deeptools.deeptools                [DEBUG  ]  Found 32 deepTools plotCorrelation samples
[2025-01-24 09:55:18,038] multiqc.modules.deeptools.deeptools                [DEBUG  ]  Found 32 deepTools plotPCA samples
[2025-01-24 09:55:27,090] multiqc.modules.deeptools.deeptools                [DEBUG  ]  Found 0 and 32 deepTools plotFingerprint --outQualityMetrics and --outRawCounts samples, respectively
[2025-01-24 09:55:27,090] multiqc.modules.deeptools.deeptools                [INFO   ]  Found 96 total deepTools samples
[2025-01-24 09:55:29,901] multiqc.modules.custom_content.custom_content      [INFO   ]  fragment_lengths: Found 28 samples (linegraph)
[2025-01-24 09:55:29,902] multiqc.modules.custom_content.custom_content      [INFO   ]  software-versions-by-process: Found 1 sample (html)
[2025-01-24 09:55:29,902] multiqc.modules.custom_content.custom_content      [INFO   ]  software-versions-unique: Found 1 sample (html)
[2025-01-24 09:55:29,903] multiqc.modules.custom_content.custom_content      [INFO   ]  nf-core-cutandrun-summary: Found 1 sample (html)
[2025-01-24 09:55:29,903] multiqc.plots.bargraph                             [WARNING]  Tried to make bar plot, but had no data: primary_peakrepro_plot
[2025-01-24 09:55:29,904] multiqc.modules.custom_content.custom_content      [INFO   ]  peak_reprod_perc: Found 28 samples (bargraph)
[2025-01-24 09:55:31,219] multiqc.modules.custom_content.custom_content      [INFO   ]  primary_peak_counts: Found 28 samples (bargraph)
[2025-01-24 09:55:32,054] multiqc.modules.custom_content.custom_content      [INFO   ]  consensus_peak_counts: Found 8 samples (bargraph)
[2025-01-24 09:55:32,055] multiqc.utils.software_versions                    [DEBUG  ]  Reading software versions from config.software_versions
[2025-01-24 09:55:32,056] multiqc                                            [DEBUG  ]  Reordering sections: anchor 'linear_duplication_levels' not found.
[2025-01-24 09:55:32,056] multiqc                                            [DEBUG  ]  Reordering sections: anchor 'linear_duplication_levels' not found for module 'FastQC (raw)'.
[2025-01-24 09:55:32,056] multiqc                                            [DEBUG  ]  Reordering sections: anchor 'fragment_lengths' not found for module 'FastQC (raw)'.
[2025-01-24 09:55:32,056] multiqc                                            [DEBUG  ]  Reordering sections: anchor 'peak_qc' not found for module 'FastQC (raw)'.
[2025-01-24 09:55:32,056] multiqc                                            [DEBUG  ]  Reordering sections: anchor 'software_versions' not found for module 'FastQC (raw)'.
[2025-01-24 09:55:32,056] multiqc                                            [DEBUG  ]  Reordering sections: anchor 'nf-core-cutandrun-summary' not found for module 'FastQC (raw)'.
[2025-01-24 09:55:32,056] multiqc                                            [DEBUG  ]  Reordering sections: anchor 'linear_duplication_levels' not found for module 'Cutadapt'.
[2025-01-24 09:55:32,056] multiqc                                            [DEBUG  ]  Reordering sections: anchor 'fragment_lengths' not found for module 'Cutadapt'.
[2025-01-24 09:55:32,057] multiqc                                            [DEBUG  ]  Reordering sections: anchor 'peak_qc' not found for module 'Cutadapt'.
[2025-01-24 09:55:32,057] multiqc                                            [DEBUG  ]  Reordering sections: anchor 'software_versions' not found for module 'Cutadapt'.
[2025-01-24 09:55:32,057] multiqc                                            [DEBUG  ]  Reordering sections: anchor 'nf-core-cutandrun-summary' not found for module 'Cutadapt'.
[2025-01-24 09:55:32,057] multiqc                                            [DEBUG  ]  Reordering sections: anchor 'linear_duplication_levels' not found for module 'FastQC (trimmed)'.
[2025-01-24 09:55:32,057] multiqc                                            [DEBUG  ]  Reordering sections: anchor 'fragment_lengths' not found for module 'FastQC (trimmed)'.
[2025-01-24 09:55:32,057] multiqc                                            [DEBUG  ]  Reordering sections: anchor 'peak_qc' not found for module 'FastQC (trimmed)'.
[2025-01-24 09:55:32,057] multiqc                                            [DEBUG  ]  Reordering sections: anchor 'software_versions' not found for module 'FastQC (trimmed)'.
[2025-01-24 09:55:32,057] multiqc                                            [DEBUG  ]  Reordering sections: anchor 'nf-core-cutandrun-summary' not found for module 'FastQC (trimmed)'.
[2025-01-24 09:55:32,057] multiqc                                            [DEBUG  ]  Reordering sections: anchor 'linear_duplication_levels' not found for module 'Bowtie2 (target)'.
[2025-01-24 09:55:32,057] multiqc                                            [DEBUG  ]  Reordering sections: anchor 'fragment_lengths' not found for module 'Bowtie2 (target)'.
[2025-01-24 09:55:32,057] multiqc                                            [DEBUG  ]  Reordering sections: anchor 'peak_qc' not found for module 'Bowtie2 (target)'.
[2025-01-24 09:55:32,057] multiqc                                            [DEBUG  ]  Reordering sections: anchor 'software_versions' not found for module 'Bowtie2 (target)'.
[2025-01-24 09:55:32,057] multiqc                                            [DEBUG  ]  Reordering sections: anchor 'nf-core-cutandrun-summary' not found for module 'Bowtie2 (target)'.
[2025-01-24 09:55:32,057] multiqc                                            [DEBUG  ]  Reordering sections: anchor 'linear_duplication_levels' not found for module 'Samtools alignment scores'.
[2025-01-24 09:55:32,057] multiqc                                            [DEBUG  ]  Reordering sections: anchor 'fragment_lengths' not found for module 'Samtools alignment scores'.
[2025-01-24 09:55:32,057] multiqc                                            [DEBUG  ]  Reordering sections: anchor 'peak_qc' not found for module 'Samtools alignment scores'.
[2025-01-24 09:55:32,057] multiqc                                            [DEBUG  ]  Reordering sections: anchor 'software_versions' not found for module 'Samtools alignment scores'.
[2025-01-24 09:55:32,057] multiqc                                            [DEBUG  ]  Reordering sections: anchor 'nf-core-cutandrun-summary' not found for module 'Samtools alignment scores'.
[2025-01-24 09:55:32,057] multiqc                                            [DEBUG  ]  Reordering sections: anchor 'linear_duplication_levels' not found for module 'Library Complexity'.
[2025-01-24 09:55:32,057] multiqc                                            [DEBUG  ]  Reordering sections: anchor 'fragment_lengths' not found for module 'Library Complexity'.
[2025-01-24 09:55:32,057] multiqc                                            [DEBUG  ]  Reordering sections: anchor 'peak_qc' not found for module 'Library Complexity'.
[2025-01-24 09:55:32,057] multiqc                                            [DEBUG  ]  Reordering sections: anchor 'software_versions' not found for module 'Library Complexity'.
[2025-01-24 09:55:32,058] multiqc                                            [DEBUG  ]  Reordering sections: anchor 'nf-core-cutandrun-summary' not found for module 'Library Complexity'.
[2025-01-24 09:55:32,058] multiqc                                            [DEBUG  ]  Reordering sections: anchor 'linear_duplication_levels' not found for module 'Picard duplication stats'.
[2025-01-24 09:55:32,058] multiqc                                            [DEBUG  ]  Reordering sections: anchor 'fragment_lengths' not found for module 'Picard duplication stats'.
[2025-01-24 09:55:32,058] multiqc                                            [DEBUG  ]  Reordering sections: anchor 'peak_qc' not found for module 'Picard duplication stats'.
[2025-01-24 09:55:32,058] multiqc                                            [DEBUG  ]  Reordering sections: anchor 'software_versions' not found for module 'Picard duplication stats'.
[2025-01-24 09:55:32,058] multiqc                                            [DEBUG  ]  Reordering sections: anchor 'nf-core-cutandrun-summary' not found for module 'Picard duplication stats'.
[2025-01-24 09:55:32,058] multiqc                                            [DEBUG  ]  Reordering sections: anchor 'linear_duplication_levels' not found for module 'Fragment QC'.
[2025-01-24 09:55:32,058] multiqc                                            [DEBUG  ]  Reordering sections: anchor 'fragment_lengths' not found for module 'Fragment QC'.
[2025-01-24 09:55:32,058] multiqc                                            [DEBUG  ]  Reordering sections: anchor 'peak_qc' not found for module 'Fragment QC'.
[2025-01-24 09:55:32,058] multiqc                                            [DEBUG  ]  Reordering sections: anchor 'software_versions' not found for module 'Fragment QC'.
[2025-01-24 09:55:32,058] multiqc                                            [DEBUG  ]  Reordering sections: anchor 'nf-core-cutandrun-summary' not found for module 'Fragment QC'.
[2025-01-24 09:55:32,058] multiqc                                            [DEBUG  ]  Reordering sections: anchor 'linear_duplication_levels' not found for module 'Software Versions'.
[2025-01-24 09:55:32,058] multiqc                                            [DEBUG  ]  Reordering sections: anchor 'fragment_lengths' not found for module 'Software Versions'.
[2025-01-24 09:55:32,058] multiqc                                            [DEBUG  ]  Reordering sections: anchor 'peak_qc' not found for module 'Software Versions'.
[2025-01-24 09:55:32,058] multiqc                                            [DEBUG  ]  Reordering sections: anchor 'software_versions' not found for module 'Software Versions'.
[2025-01-24 09:55:32,058] multiqc                                            [DEBUG  ]  Reordering sections: anchor 'nf-core-cutandrun-summary' not found for module 'Software Versions'.
[2025-01-24 09:55:32,058] multiqc                                            [DEBUG  ]  Reordering sections: anchor 'linear_duplication_levels' not found for module 'Fragment Length Distribution'.
[2025-01-24 09:55:32,058] multiqc                                            [DEBUG  ]  Reordering sections: anchor 'fragment_lengths' not found for module 'Fragment Length Distribution'.
[2025-01-24 09:55:32,058] multiqc                                            [DEBUG  ]  Reordering sections: anchor 'peak_qc' not found for module 'Fragment Length Distribution'.
[2025-01-24 09:55:32,058] multiqc                                            [DEBUG  ]  Reordering sections: anchor 'software_versions' not found for module 'Fragment Length Distribution'.
[2025-01-24 09:55:32,058] multiqc                                            [DEBUG  ]  Reordering sections: anchor 'nf-core-cutandrun-summary' not found for module 'Fragment Length Distribution'.
[2025-01-24 09:55:32,058] multiqc                                            [DEBUG  ]  Reordering sections: anchor 'linear_duplication_levels' not found for module 'Peak QC'.
[2025-01-24 09:55:32,059] multiqc                                            [DEBUG  ]  Reordering sections: anchor 'fragment_lengths' not found for module 'Peak QC'.
[2025-01-24 09:55:32,059] multiqc                                            [DEBUG  ]  Reordering sections: anchor 'peak_qc' not found for module 'Peak QC'.
[2025-01-24 09:55:32,059] multiqc                                            [DEBUG  ]  Reordering sections: anchor 'software_versions' not found for module 'Peak QC'.
[2025-01-24 09:55:32,059] multiqc                                            [DEBUG  ]  Reordering sections: anchor 'nf-core-cutandrun-summary' not found for module 'Peak QC'.
[2025-01-24 09:55:32,059] multiqc                                            [DEBUG  ]  Reordering sections: anchor 'linear_duplication_levels' not found for module 'Software Versions'.
[2025-01-24 09:55:32,059] multiqc                                            [DEBUG  ]  Reordering sections: anchor 'fragment_lengths' not found for module 'Software Versions'.
[2025-01-24 09:55:32,059] multiqc                                            [DEBUG  ]  Reordering sections: anchor 'peak_qc' not found for module 'Software Versions'.
[2025-01-24 09:55:32,059] multiqc                                            [DEBUG  ]  Reordering sections: anchor 'software_versions' not found for module 'Software Versions'.
[2025-01-24 09:55:32,059] multiqc                                            [DEBUG  ]  Reordering sections: anchor 'nf-core-cutandrun-summary' not found for module 'Software Versions'.
[2025-01-24 09:55:32,059] multiqc                                            [DEBUG  ]  Reordering sections: anchor 'linear_duplication_levels' not found for module 'nf-core/cutandrun Workflow Summary'.
[2025-01-24 09:55:32,059] multiqc                                            [DEBUG  ]  Reordering sections: anchor 'fragment_lengths' not found for module 'nf-core/cutandrun Workflow Summary'.
[2025-01-24 09:55:32,059] multiqc                                            [DEBUG  ]  Reordering sections: anchor 'peak_qc' not found for module 'nf-core/cutandrun Workflow Summary'.
[2025-01-24 09:55:32,059] multiqc                                            [DEBUG  ]  Reordering sections: anchor 'software_versions' not found for module 'nf-core/cutandrun Workflow Summary'.
[2025-01-24 09:55:32,059] multiqc                                            [DEBUG  ]  Reordering sections: anchor 'nf-core-cutandrun-summary' not found for module 'nf-core/cutandrun Workflow Summary'.
[2025-01-24 09:55:32,156] multiqc                                            [DEBUG  ]  Compressing plot data
[2025-01-24 09:55:34,966] multiqc                                            [INFO   ]  Report      : multiqc_report.html
[2025-01-24 09:55:34,966] multiqc                                            [INFO   ]  Data        : multiqc_data
[2025-01-24 09:55:34,966] multiqc                                            [DEBUG  ]  Moving data file from '/tmp/tmpz6ebpikr/multiqc_data' to '/home/me1117/cutrun/work/c5/90518b7b4f3edcd5471dbb024d76ae/multiqc_data'
[2025-01-24 09:55:35,829] multiqc                                            [DEBUG  ]  Full report path: /home/me1117/cutrun/work/c5/90518b7b4f3edcd5471dbb024d76ae/multiqc_report.html
[2025-01-24 09:55:35,829] multiqc                                            [INFO   ]  Plots       : multiqc_plots
[2025-01-24 09:55:35,830] multiqc                                            [DEBUG  ]  Moving plots directory from '/tmp/tmpz6ebpikr/multiqc_plots' to '/home/me1117/cutrun/work/c5/90518b7b4f3edcd5471dbb024d76ae/multiqc_plots'
[2025-01-24 09:55:36,521] multiqc                                            [INFO   ]  MultiQC complete
